"../../../Engine/Content/Functions/Engine_MaterialFunctions01/Shading/PowerToRoughness.uasset" 0
"../../../Engine/Content/Functions/Engine_MaterialFunctions01/Shading/PowerToRoughness.uexp" 1
"../../../Engine/Content/Functions/Engine_MaterialFunctions01/Shading/ConvertFromDiffSpec.uasset" 2
"../../../Engine/Content/Functions/Engine_MaterialFunctions01/Shading/ConvertFromDiffSpec.uexp" 3
"../../../Engine/Content/EngineSounds/Master.uasset" 4
"../../../Engine/Content/EngineSounds/Master.uexp" 5
"../../../Engine/Content/EngineSky/T_Sky_Stars.ubulk" 6
"../../../Engine/Content/EngineSky/T_Sky_Stars.uasset" 7
"../../../Engine/Content/EngineSky/T_Sky_Stars.uexp" 8
"../../../Engine/Content/EngineSky/T_Sky_Clouds_M.ubulk" 9
"../../../Engine/Content/EngineSky/T_Sky_Clouds_M.uasset" 10
"../../../Engine/Content/EngineSky/T_Sky_Clouds_M.uexp" 11
"../../../Engine/Content/EngineSky/T_Sky_Blue.ubulk" 12
"../../../Engine/Content/EngineSky/T_Sky_Blue.uasset" 13
"../../../Engine/Content/EngineSky/T_Sky_Blue.uexp" 14
"../../../Engine/Content/EngineSky/M_Sky_Panning_Clouds2.uasset" 15
"../../../Engine/Content/EngineSky/M_Sky_Panning_Clouds2.uexp" 16
"../../../Engine/Content/EngineSky/SM_SkySphere.ubulk" 17
"../../../Engine/Content/EngineSky/SM_SkySphere.uasset" 18
"../../../Engine/Content/EngineSky/SM_SkySphere.uexp" 19
"../../../Engine/Content/EngineSky/M_SimpleSkyDome.uasset" 20
"../../../Engine/Content/EngineSky/M_SimpleSkyDome.uexp" 21
"../../../Engine/Content/EngineSky/VolumetricClouds/CloudWeatherTexture.uasset" 22
"../../../Engine/Content/EngineSky/VolumetricClouds/CloudWeatherTexture.uexp" 23
"../../../Engine/Content/Functions/Engine_MaterialFunctions02/Utility/MakeFloat2.uasset" 24
"../../../Engine/Content/Functions/Engine_MaterialFunctions02/Utility/MakeFloat2.uexp" 25
"../../../Engine/Content/EngineSky/VolumetricClouds/CloudGradientTexture.uasset" 26
"../../../Engine/Content/EngineSky/VolumetricClouds/CloudGradientTexture.uexp" 27
"../../../Engine/Content/EngineSky/VolumetricClouds/T_NoiseShape64.ubulk" 28
"../../../Engine/Content/EngineSky/VolumetricClouds/T_NoiseShape64.uasset" 29
"../../../Engine/Content/EngineSky/VolumetricClouds/T_NoiseShape64.uexp" 30
"../../../Engine/Content/EngineSky/VolumetricClouds/T_VolumeNoiseShape64.uasset" 31
"../../../Engine/Content/EngineSky/VolumetricClouds/T_VolumeNoiseShape64.uexp" 32
"../../../Engine/Content/EngineSky/VolumetricClouds/T_NoiseErosion.ubulk" 33
"../../../Engine/Content/EngineSky/VolumetricClouds/T_NoiseErosion.uasset" 34
"../../../Engine/Content/EngineSky/VolumetricClouds/T_NoiseErosion.uexp" 35
"../../../Engine/Content/EngineSky/VolumetricClouds/T_VolumeNoiseErosion32.uasset" 36
"../../../Engine/Content/EngineSky/VolumetricClouds/T_VolumeNoiseErosion32.uexp" 37
"../../../Engine/Content/EngineSky/VolumetricClouds/m_SimpleVolumetricCloud.uasset" 38
"../../../Engine/Content/EngineSky/VolumetricClouds/m_SimpleVolumetricCloud.uexp" 39
"../../../Engine/Content/EngineSky/VolumetricClouds/m_SimpleVolumetricCloud_Inst.uasset" 40
"../../../Engine/Content/EngineSky/VolumetricClouds/m_SimpleVolumetricCloud_Inst.uexp" 41
"../../../Engine/Content/EngineResources/GradientTexture0.uasset" 42
"../../../Engine/Content/EngineResources/GradientTexture0.uexp" 43
"../../../Engine/Content/EngineResources/DefaultVolumeTexture2D.uasset" 44
"../../../Engine/Content/EngineResources/DefaultVolumeTexture2D.uexp" 45
"../../../Engine/Content/EngineResources/DefaultVolumeTexture.uasset" 46
"../../../Engine/Content/EngineResources/DefaultVolumeTexture.uexp" 47
"../../../Engine/Content/EngineResources/DefaultTextureCube.uasset" 48
"../../../Engine/Content/EngineResources/DefaultTextureCube.uexp" 49
"../../../Engine/Content/EngineResources/DefaultTexture.ubulk" 50
"../../../Engine/Content/EngineResources/DefaultTexture.uasset" 51
"../../../Engine/Content/EngineResources/DefaultTexture.uexp" 52
"../../../Engine/Content/EngineResources/Black.uasset" 53
"../../../Engine/Content/EngineResources/Black.uexp" 54
"../../../Engine/Content/EngineResources/FilmGrains/Marcie_Grain_v3_128_M2_000.uasset" 55
"../../../Engine/Content/EngineResources/FilmGrains/Marcie_Grain_v3_128_M2_000.uexp" 56
"../../../Engine/Content/EngineMeshes/Sphere.ubulk" 57
"../../../Engine/Content/EngineMeshes/Sphere.uasset" 58
"../../../Engine/Content/EngineMeshes/Sphere.uexp" 59
"../../../Engine/Content/EngineResources/WhiteSquareTexture.uasset" 60
"../../../Engine/Content/EngineResources/WhiteSquareTexture.uexp" 61
"../../../Engine/Content/EngineMaterials/Widget3DPassThrough.uasset" 62
"../../../Engine/Content/EngineMaterials/Widget3DPassThrough.uexp" 63
"../../../Engine/Content/EngineMaterials/Widget3DPassThrough_Translucent.uasset" 64
"../../../Engine/Content/EngineMaterials/Widget3DPassThrough_Translucent.uexp" 65
"../../../Engine/Content/EngineMaterials/Widget3DPassThrough_Translucent_OneSided.uasset" 66
"../../../Engine/Content/EngineMaterials/Widget3DPassThrough_Translucent_OneSided.uexp" 67
"../../../Engine/Content/EngineMaterials/Widget3DPassThrough_Opaque.uasset" 68
"../../../Engine/Content/EngineMaterials/Widget3DPassThrough_Opaque.uexp" 69
"../../../Engine/Content/EngineMaterials/Widget3DPassThrough_Opaque_OneSided.uasset" 70
"../../../Engine/Content/EngineMaterials/Widget3DPassThrough_Opaque_OneSided.uexp" 71
"../../../Engine/Content/EngineMaterials/Widget3DPassThrough_Masked_OneSided.uasset" 72
"../../../Engine/Content/EngineMaterials/Widget3DPassThrough_Masked_OneSided.uexp" 73
"../../../Engine/Content/EngineMaterials/Widget3DPassThrough_Masked.uasset" 74
"../../../Engine/Content/EngineMaterials/Widget3DPassThrough_Masked.uexp" 75
"../../../Engine/Content/EngineMaterials/WeightMapPlaceholderTexture.uasset" 76
"../../../Engine/Content/EngineMaterials/WeightMapPlaceholderTexture.uexp" 77
"../../../Engine/Content/EngineMaterials/RemoveSurfaceMaterial.uasset" 78
"../../../Engine/Content/EngineMaterials/RemoveSurfaceMaterial.uexp" 79
"../../../Engine/Content/EngineMaterials/PreintegratedSkinBRDF.uasset" 80
"../../../Engine/Content/EngineMaterials/PreintegratedSkinBRDF.uexp" 81
"../../../Engine/Content/EngineMaterials/DefaultCalibrationGrayscale.uasset" 82
"../../../Engine/Content/EngineMaterials/DefaultCalibrationGrayscale.uexp" 83
"../../../Engine/Content/EngineMaterials/PPM_DefaultCalibrationGrayscale.uasset" 84
"../../../Engine/Content/EngineMaterials/PPM_DefaultCalibrationGrayscale.uexp" 85
"../../../Engine/Content/EngineMaterials/DefaultCalibrationColor.uasset" 86
"../../../Engine/Content/EngineMaterials/DefaultCalibrationColor.uexp" 87
"../../../Engine/Content/EngineMaterials/PPM_DefaultCalibrationColor.uasset" 88
"../../../Engine/Content/EngineMaterials/PPM_DefaultCalibrationColor.uexp" 89
"../../../Engine/Content/Functions/Engine_MaterialFunctions02/WorldPositionOffset/CameraOffset.uasset" 90
"../../../Engine/Content/Functions/Engine_MaterialFunctions02/WorldPositionOffset/CameraOffset.uexp" 91
"../../../Engine/Content/EngineMaterials/PhAT_JointLimitMaterial.uasset" 92
"../../../Engine/Content/EngineMaterials/PhAT_JointLimitMaterial.uexp" 93
"../../../Engine/Content/EngineMaterials/InvalidLightmapSettings.ubulk" 94
"../../../Engine/Content/EngineMaterials/InvalidLightmapSettings.uasset" 95
"../../../Engine/Content/EngineMaterials/InvalidLightmapSettings.uexp" 96
"../../../Engine/Content/EngineMaterials/M_InvalidLightmapSettings.uasset" 97
"../../../Engine/Content/EngineMaterials/M_InvalidLightmapSettings.uexp" 98
"../../../Engine/Content/EngineMaterials/MiniFont.uasset" 99
"../../../Engine/Content/EngineMaterials/MiniFont.uexp" 100
"../../../Engine/Content/EngineMaterials/Good64x64TilingNoiseHighFreq.uasset" 101
"../../../Engine/Content/EngineMaterials/Good64x64TilingNoiseHighFreq.uexp" 102
"../../../Engine/Content/EngineMaterials/GizmoMaterial.uasset" 103
"../../../Engine/Content/EngineMaterials/GizmoMaterial.uexp" 104
"../../../Engine/Content/EngineMaterials/BaseFlattenEmissiveMap_VT.uasset" 105
"../../../Engine/Content/EngineMaterials/BaseFlattenEmissiveMap_VT.uexp" 106
"../../../Engine/Content/EngineMaterials/BaseFlattenGrayscaleMap_VT.uasset" 107
"../../../Engine/Content/EngineMaterials/BaseFlattenGrayscaleMap_VT.uexp" 108
"../../../Engine/Content/EngineMaterials/BaseFlattenLinearColor_VT.uasset" 109
"../../../Engine/Content/EngineMaterials/BaseFlattenLinearColor_VT.uexp" 110
"../../../Engine/Content/EngineMaterials/Black_1x1_EXR_Texture_VT.uasset" 111
"../../../Engine/Content/EngineMaterials/Black_1x1_EXR_Texture_VT.uexp" 112
"../../../Engine/Content/EngineMaterials/BaseFlattenDiffuseMap_VT.uasset" 113
"../../../Engine/Content/EngineMaterials/BaseFlattenDiffuseMap_VT.uexp" 114
"../../../Engine/Content/EngineMaterials/BaseFlattenNormalMap_VT.uasset" 115
"../../../Engine/Content/EngineMaterials/BaseFlattenNormalMap_VT.uexp" 116
"../../../Engine/Content/EngineMaterials/FlattenMaterial_WS_Normal_VT.uasset" 117
"../../../Engine/Content/EngineMaterials/FlattenMaterial_WS_Normal_VT.uexp" 118
"../../../Engine/Content/EngineMaterials/FlattenMaterial_VT.uasset" 119
"../../../Engine/Content/EngineMaterials/FlattenMaterial_VT.uexp" 120
"../../../Engine/Content/EngineMaterials/BaseFlattenNormalMap.uasset" 121
"../../../Engine/Content/EngineMaterials/BaseFlattenNormalMap.uexp" 122
"../../../Engine/Content/EngineMaterials/BaseFlattenGrayscaleMap.uasset" 123
"../../../Engine/Content/EngineMaterials/BaseFlattenGrayscaleMap.uexp" 124
"../../../Engine/Content/EngineMaterials/BaseFlattenDiffuseMap.uasset" 125
"../../../Engine/Content/EngineMaterials/BaseFlattenDiffuseMap.uexp" 126
"../../../Engine/Content/Functions/Engine_MaterialFunctions02/PivotPainter2/Black_1x1_EXR_Texture.uasset" 127
"../../../Engine/Content/Functions/Engine_MaterialFunctions02/PivotPainter2/Black_1x1_EXR_Texture.uexp" 128
"../../../Engine/Content/EngineMaterials/BaseFlattenEmissiveMap.uasset" 129
"../../../Engine/Content/EngineMaterials/BaseFlattenEmissiveMap.uexp" 130
"../../../Engine/Content/EngineMaterials/BaseFlattenLinearColor.uasset" 131
"../../../Engine/Content/EngineMaterials/BaseFlattenLinearColor.uexp" 132
"../../../Engine/Content/EngineMaterials/FlattenMaterial.uasset" 133
"../../../Engine/Content/EngineMaterials/FlattenMaterial.uexp" 134
"../../../Engine/Content/EngineMaterials/DefaultWhiteGrid_Low.uasset" 135
"../../../Engine/Content/EngineMaterials/DefaultWhiteGrid_Low.uexp" 136
"../../../Engine/Content/EngineMaterials/EmissiveMeshMaterial.uasset" 137
"../../../Engine/Content/EngineMaterials/EmissiveMeshMaterial.uexp" 138
"../../../Engine/Content/EngineMaterials/DefaultWhiteGrid.ubulk" 139
"../../../Engine/Content/EngineMaterials/DefaultWhiteGrid.uasset" 140
"../../../Engine/Content/EngineMaterials/DefaultWhiteGrid.uexp" 141
"../../../Engine/Content/EngineFonts/RobotoDistanceField.uasset" 142
"../../../Engine/Content/EngineFonts/RobotoDistanceField.uexp" 143
"../../../Engine/Content/EngineMaterials/DefaultTextMaterialOpaque.uasset" 144
"../../../Engine/Content/EngineMaterials/DefaultTextMaterialOpaque.uexp" 145
"../../../Engine/Content/EngineMaterials/DefaultDiffuse.ubulk" 146
"../../../Engine/Content/EngineMaterials/DefaultDiffuse.uasset" 147
"../../../Engine/Content/EngineMaterials/DefaultDiffuse.uexp" 148
"../../../Engine/Content/Functions/Engine_MaterialFunctions02/Utility/BreakOutFloat2Components.uasset" 149
"../../../Engine/Content/Functions/Engine_MaterialFunctions02/Utility/BreakOutFloat2Components.uexp" 150
"../../../Engine/Content/EngineMaterials/DefaultPostProcessMaterial.uasset" 151
"../../../Engine/Content/EngineMaterials/DefaultPostProcessMaterial.uexp" 152
"../../../Engine/Content/EngineMaterials/DefaultPhysicalMaterial.uasset" 153
"../../../Engine/Content/EngineMaterials/DefaultPhysicalMaterial.uexp" 154
"../../../Engine/Content/EngineMaterials/DefaultLightFunctionMaterial.uasset" 155
"../../../Engine/Content/EngineMaterials/DefaultLightFunctionMaterial.uexp" 156
"../../../Engine/Content/EngineMaterials/DefaultDestructiblePhysicalMaterial.uasset" 157
"../../../Engine/Content/EngineMaterials/DefaultDestructiblePhysicalMaterial.uexp" 158
"../../../Engine/Content/EngineMaterials/DefaultDeferredDecalMaterial.uasset" 159
"../../../Engine/Content/EngineMaterials/DefaultDeferredDecalMaterial.uexp" 160
"../../../Engine/Content/EngineMaterials/DefaultBokeh.uasset" 161
"../../../Engine/Content/EngineMaterials/DefaultBokeh.uexp" 162
"../../../Engine/Content/EngineMaterials/DefaultBloomKernel.uasset" 163
"../../../Engine/Content/EngineMaterials/DefaultBloomKernel.uexp" 164
"../../../Engine/Content/EngineMaterials/BlueNoise.uasset" 165
"../../../Engine/Content/EngineMaterials/BlueNoise.uexp" 166
"../../../Engine/Content/EngineFonts/Faces/RobotoLight.uexp" 167
"../../../Engine/Content/EngineFonts/Faces/RobotoLight.uasset" 168
"../../../Engine/Content/EngineFonts/Faces/RobotoLight.ufont" 169
"../../../Engine/Content/EngineFonts/Faces/RobotoBold.uexp" 170
"../../../Engine/Content/EngineFonts/Faces/RobotoBold.uasset" 171
"../../../Engine/Content/EngineFonts/Faces/RobotoBold.ufont" 172
"../../../Engine/Content/EngineFonts/Faces/RobotoRegular.uexp" 173
"../../../Engine/Content/EngineFonts/Faces/RobotoRegular.uasset" 174
"../../../Engine/Content/EngineFonts/Faces/RobotoRegular.ufont" 175
"../../../Engine/Content/EngineFonts/Faces/DroidSansFallback.uexp" 176
"../../../Engine/Content/EngineFonts/Faces/DroidSansFallback.uasset" 177
"../../../Engine/Content/EngineFonts/Faces/DroidSansFallback.ufont" 178
"../../../Engine/Content/EngineFonts/Faces/RobotoItalic.uexp" 179
"../../../Engine/Content/EngineFonts/Faces/RobotoItalic.uasset" 180
"../../../Engine/Content/EngineFonts/Faces/RobotoItalic.ufont" 181
"../../../Engine/Content/EngineFonts/Faces/RobotoBoldItalic.uexp" 182
"../../../Engine/Content/EngineFonts/Faces/RobotoBoldItalic.uasset" 183
"../../../Engine/Content/EngineFonts/Faces/RobotoBoldItalic.ufont" 184
"../../../Engine/Content/EngineFonts/Roboto.uasset" 185
"../../../Engine/Content/EngineFonts/Roboto.uexp" 186
"../../../Engine/Content/Functions/Engine_MaterialFunctions02/Utility/CameraDirectionVector.uasset" 187
"../../../Engine/Content/Functions/Engine_MaterialFunctions02/Utility/CameraDirectionVector.uexp" 188
"../../../Engine/Content/EngineDebugMaterials/VolumeToRender.uasset" 189
"../../../Engine/Content/EngineDebugMaterials/VolumeToRender.uexp" 190
"../../../Engine/Content/EngineDebugMaterials/M_VolumeRenderSphereTracePP.uasset" 191
"../../../Engine/Content/EngineDebugMaterials/M_VolumeRenderSphereTracePP.uexp" 192
"../../../Engine/Content/EngineDebugMaterials/M_SimpleUnlitTranslucent.uasset" 193
"../../../Engine/Content/EngineDebugMaterials/M_SimpleUnlitTranslucent.uexp" 194
"../../../Engine/Content/EngineDebugMaterials/DebugMeshMaterial.uasset" 195
"../../../Engine/Content/EngineDebugMaterials/DebugMeshMaterial.uexp" 196
"../../../Engine/Content/EngineDebugMaterials/DebugEditorMaterial.uasset" 197
"../../../Engine/Content/EngineDebugMaterials/DebugEditorMaterial.uexp" 198
"../../../Engine/Content/EngineDamageTypes/DmgTypeBP_Environmental.uasset" 199
"../../../Engine/Content/EngineDamageTypes/DmgTypeBP_Environmental.uexp" 200
"../../../Engine/Content/EditorResources/S_TriggerSphere.uasset" 201
"../../../Engine/Content/EditorResources/S_TriggerSphere.uexp" 202
"../../../Engine/Content/EditorResources/S_TriggerCapsule.uasset" 203
"../../../Engine/Content/EditorResources/S_TriggerCapsule.uexp" 204
"../../../Engine/Content/EditorResources/S_TriggerBox.uasset" 205
"../../../Engine/Content/EditorResources/S_TriggerBox.uexp" 206
"../../../Engine/Content/EditorResources/S_Trigger.ubulk" 207
"../../../Engine/Content/EditorResources/S_Trigger.uasset" 208
"../../../Engine/Content/EditorResources/S_Trigger.uexp" 209
"../../../Engine/Content/EditorResources/S_Terrain.ubulk" 210
"../../../Engine/Content/EditorResources/S_Terrain.uasset" 211
"../../../Engine/Content/EditorResources/S_Terrain.uexp" 212
"../../../Engine/Content/EditorResources/S_Solver.ubulk" 213
"../../../Engine/Content/EditorResources/S_Solver.uasset" 214
"../../../Engine/Content/EditorResources/S_Solver.uexp" 215
"../../../Engine/Content/EditorResources/S_BoxReflectionCapture.uasset" 216
"../../../Engine/Content/EditorResources/S_BoxReflectionCapture.uexp" 217
"../../../Engine/Content/EditorResources/S_Actor.ubulk" 218
"../../../Engine/Content/EditorResources/S_Actor.uasset" 219
"../../../Engine/Content/EditorResources/S_Actor.uexp" 220
"../../../Engine/Content/EditorResources/EmptyActor.uasset" 221
"../../../Engine/Content/EditorResources/EmptyActor.uexp" 222
"../../../Engine/Content/EditorResources/BSPVertex.uasset" 223
"../../../Engine/Content/EditorResources/BSPVertex.uexp" 224
"../../../Engine/Content/EditorResources/SequenceRecorder/RecordingIndicator.uasset" 225
"../../../Engine/Content/EditorResources/SequenceRecorder/RecordingIndicator.uexp" 226
"../../../Engine/Content/EditorResources/SequenceRecorder/Countdown.uasset" 227
"../../../Engine/Content/EditorResources/SequenceRecorder/Countdown.uexp" 228
"../../../Engine/Content/EditorMaterials/Camera/CineMat.uasset" 229
"../../../Engine/Content/EditorMaterials/Camera/CineMat.uexp" 230
"../../../Engine/Content/EditorMaterials/Camera/MI_CineMat_Rig.uasset" 231
"../../../Engine/Content/EditorMaterials/Camera/MI_CineMat_Rig.uexp" 232
"../../../Engine/Content/EditorMeshes/Camera/SM_RailRig_Track.ubulk" 233
"../../../Engine/Content/EditorMeshes/Camera/SM_RailRig_Track.uasset" 234
"../../../Engine/Content/EditorMeshes/Camera/SM_RailRig_Track.uexp" 235
"../../../Engine/Content/EditorMeshes/Camera/SM_RailRig_Mount.ubulk" 236
"../../../Engine/Content/EditorMeshes/Camera/SM_RailRig_Mount.uasset" 237
"../../../Engine/Content/EditorMeshes/Camera/SM_RailRig_Mount.uexp" 238
"../../../Engine/Content/EditorMeshes/Camera/SM_CraneRig_Mount.ubulk" 239
"../../../Engine/Content/EditorMeshes/Camera/SM_CraneRig_Mount.uasset" 240
"../../../Engine/Content/EditorMeshes/Camera/SM_CraneRig_Mount.uexp" 241
"../../../Engine/Content/EditorMeshes/Camera/SM_CraneRig_Body.ubulk" 242
"../../../Engine/Content/EditorMeshes/Camera/SM_CraneRig_Body.uasset" 243
"../../../Engine/Content/EditorMeshes/Camera/SM_CraneRig_Body.uexp" 244
"../../../Engine/Content/EditorMeshes/Camera/SM_CraneRig_Base.ubulk" 245
"../../../Engine/Content/EditorMeshes/Camera/SM_CraneRig_Base.uasset" 246
"../../../Engine/Content/EditorMeshes/Camera/SM_CraneRig_Base.uexp" 247
"../../../Engine/Content/EditorMeshes/Camera/SM_CraneRig_Arm.ubulk" 248
"../../../Engine/Content/EditorMeshes/Camera/SM_CraneRig_Arm.uasset" 249
"../../../Engine/Content/EditorMeshes/Camera/SM_CraneRig_Arm.uexp" 250
"../../../Engine/Content/EditorMaterials/PreviewShadowIndicator.ubulk" 251
"../../../Engine/Content/EditorMaterials/PreviewShadowIndicator.uasset" 252
"../../../Engine/Content/EditorMaterials/PreviewShadowIndicator.uexp" 253
"../../../Engine/Content/EditorMaterials/PreviewShadowIndicatorMaterial.uasset" 254
"../../../Engine/Content/EditorMaterials/PreviewShadowIndicatorMaterial.uexp" 255
"../../../Engine/Content/EditorMaterials/MAT_Groups_Visibility.uasset" 256
"../../../Engine/Content/EditorMaterials/MAT_Groups_Visibility.uexp" 257
"../../../Engine/Content/EditorMaterials/MAT_Groups_Toggle.uasset" 258
"../../../Engine/Content/EditorMaterials/MAT_Groups_Toggle.uexp" 259
"../../../Engine/Content/Functions/Engine_MaterialFunctions02/Utility/MakeFloat4.uasset" 260
"../../../Engine/Content/Functions/Engine_MaterialFunctions02/Utility/MakeFloat4.uexp" 261
"../../../Engine/Content/Functions/Engine_MaterialFunctions02/Utility/MakeFloat3.uasset" 262
"../../../Engine/Content/Functions/Engine_MaterialFunctions02/Utility/MakeFloat3.uexp" 263
"../../../Engine/Content/Functions/Engine_MaterialFunctions02/Utility/BreakOutFloat3Components.uasset" 264
"../../../Engine/Content/Functions/Engine_MaterialFunctions02/Utility/BreakOutFloat3Components.uexp" 265
"../../../Engine/Content/EditorMaterials/WorldPartition/WorldPartitionSpatialHashGridPreviewMaterial.uasset" 266
"../../../Engine/Content/EditorMaterials/WorldPartition/WorldPartitionSpatialHashGridPreviewMaterial.uexp" 267
"../../../Engine/Content/EditorMaterials/ParticleSystems/PSysThumbnail_OOD.ubulk" 268
"../../../Engine/Content/EditorMaterials/ParticleSystems/PSysThumbnail_OOD.uasset" 269
"../../../Engine/Content/EditorMaterials/ParticleSystems/PSysThumbnail_OOD.uexp" 270
"../../../Engine/Content/EditorMaterials/ParticleSystems/PSysThumbnail_NoImage.ubulk" 271
"../../../Engine/Content/EditorMaterials/ParticleSystems/PSysThumbnail_NoImage.uasset" 272
"../../../Engine/Content/EditorMaterials/ParticleSystems/PSysThumbnail_NoImage.uexp" 273
"../../../Engine/Content/EditorMaterials/MatineeGroups/MAT_Groups_Vector.uasset" 274
"../../../Engine/Content/EditorMaterials/MatineeGroups/MAT_Groups_Vector.uexp" 275
"../../../Engine/Content/EditorMaterials/MatineeGroups/MAT_Groups_Sound.uasset" 276
"../../../Engine/Content/EditorMaterials/MatineeGroups/MAT_Groups_Sound.uexp" 277
"../../../Engine/Content/EditorMaterials/MatineeGroups/MAT_Groups_Slomo.uasset" 278
"../../../Engine/Content/EditorMaterials/MatineeGroups/MAT_Groups_Slomo.uexp" 279
"../../../Engine/Content/EditorMaterials/MatineeGroups/MAT_Groups_Move.uasset" 280
"../../../Engine/Content/EditorMaterials/MatineeGroups/MAT_Groups_Move.uexp" 281
"../../../Engine/Content/EditorMaterials/MatineeGroups/MAT_Groups_Float.uasset" 282
"../../../Engine/Content/EditorMaterials/MatineeGroups/MAT_Groups_Float.uexp" 283
"../../../Engine/Content/EditorMaterials/MatineeGroups/MAT_Groups_Fade.uasset" 284
"../../../Engine/Content/EditorMaterials/MatineeGroups/MAT_Groups_Fade.uexp" 285
"../../../Engine/Content/EditorMaterials/MatineeGroups/MAT_Groups_Event.uasset" 286
"../../../Engine/Content/EditorMaterials/MatineeGroups/MAT_Groups_Event.uexp" 287
"../../../Engine/Content/EditorMaterials/MatineeGroups/MAT_Groups_Director.uasset" 288
"../../../Engine/Content/EditorMaterials/MatineeGroups/MAT_Groups_Director.uexp" 289
"../../../Engine/Content/EditorMaterials/MatineeGroups/MAT_Groups_AudioMaster.uasset" 290
"../../../Engine/Content/EditorMaterials/MatineeGroups/MAT_Groups_AudioMaster.uexp" 291
"../../../Engine/Content/EditorMaterials/MatineeGroups/MAT_Groups_Anim.uasset" 292
"../../../Engine/Content/EditorMaterials/MatineeGroups/MAT_Groups_Anim.uexp" 293
"../../../Engine/Content/EditorMaterials/MatineeGroups/MAT_ColorTrack.uasset" 294
"../../../Engine/Content/EditorMaterials/MatineeGroups/MAT_ColorTrack.uexp" 295
"../../../Engine/Content/EditorLandscapeResources/DefaultAlphaTexture.uasset" 296
"../../../Engine/Content/EditorLandscapeResources/DefaultAlphaTexture.uexp" 297
"../../../Engine/Content/EditorLandscapeResources/DataLayer.uasset" 298
"../../../Engine/Content/EditorLandscapeResources/DataLayer.uexp" 299
"../../../Engine/Content/EngineMaterials/T_Default_Material_Grid_M.ubulk" 300
"../../../Engine/Content/EngineMaterials/T_Default_Material_Grid_M.uasset" 301
"../../../Engine/Content/EngineMaterials/T_Default_Material_Grid_M.uexp" 302
"../../../Engine/Content/EngineMaterials/T_Default_Material_Grid_N.ubulk" 303
"../../../Engine/Content/EngineMaterials/T_Default_Material_Grid_N.uasset" 304
"../../../Engine/Content/EngineMaterials/T_Default_Material_Grid_N.uexp" 305
"../../../Engine/Content/Functions/Engine_MaterialFunctions01/Opacity/CameraDepthFade.uasset" 306
"../../../Engine/Content/Functions/Engine_MaterialFunctions01/Opacity/CameraDepthFade.uexp" 307
"../../../Engine/Content/EngineMaterials/DefaultMaterial.uasset" 308
"../../../Engine/Content/EngineMaterials/DefaultMaterial.uexp" 309
"../../../Engine/Content/BasicShapes/Sphere.ubulk" 310
"../../../Engine/Content/BasicShapes/Sphere.uasset" 311
"../../../Engine/Content/BasicShapes/Sphere.uexp" 312
"../../../Engine/Content/BasicShapes/Cylinder.ubulk" 313
"../../../Engine/Content/BasicShapes/Cylinder.uasset" 314
"../../../Engine/Content/BasicShapes/Cylinder.uexp" 315
"../../../Engine/Content/EngineMaterials/WorldGridMaterial.uasset" 316
"../../../Engine/Content/EngineMaterials/WorldGridMaterial.uexp" 317
"../../../Engine/Content/BasicShapes/Cube.ubulk" 318
"../../../Engine/Content/BasicShapes/Cube.uasset" 319
"../../../Engine/Content/BasicShapes/Cube.uexp" 320
"../../../Engine/Content/BasicShapes/Cone.ubulk" 321
"../../../Engine/Content/BasicShapes/Cone.uasset" 322
"../../../Engine/Content/BasicShapes/Cone.uexp" 323
"../../../Engine/Content/ArtTools/RenderToTexture/Meshes/S_1_Unit_Plane.ubulk" 324
"../../../Engine/Content/ArtTools/RenderToTexture/Meshes/S_1_Unit_Plane.uasset" 325
"../../../Engine/Content/ArtTools/RenderToTexture/Meshes/S_1_Unit_Plane.uexp" 326
"../../../Engine/Content/MobileResources/HUD/VirtualJoystick_Background.uasset" 327
"../../../Engine/Content/MobileResources/HUD/VirtualJoystick_Background.uexp" 328
"../../../Engine/Content/MobileResources/HUD/VirtualJoystick_Thumb.uasset" 329
"../../../Engine/Content/MobileResources/HUD/VirtualJoystick_Thumb.uexp" 330
"../../../Engine/Content/MobileResources/HUD/DefaultVirtualJoysticks.uasset" 331
"../../../Engine/Content/MobileResources/HUD/DefaultVirtualJoysticks.uexp" 332
"../../../Engine/Content/Tutorial/ContentIntroCurve.uasset" 333
"../../../Engine/Content/Tutorial/ContentIntroCurve.uexp" 334
"../../../Engine/Content/Tutorial/Landscape/TutorialAssets/Landscape.uasset" 335
"../../../Engine/Content/Tutorial/Landscape/TutorialAssets/Landscape.uexp" 336
"../../../Engine/Content/EditorBlueprintResources/StandardMacros.uasset" 337
"../../../Engine/Content/EditorBlueprintResources/StandardMacros.uexp" 338
"../../../Engine/Content/VREditor/TransformGizmo/Main.uasset" 339
"../../../Engine/Content/VREditor/TransformGizmo/Main.uexp" 340
"../../../Engine/Content/VREditor/TransformGizmo/Xray.uasset" 341
"../../../Engine/Content/VREditor/TransformGizmo/Xray.uexp" 342
"../../../Engine/Content/VREditor/TransformGizmo/SM_Sequencer_Node.ubulk" 343
"../../../Engine/Content/VREditor/TransformGizmo/SM_Sequencer_Node.uasset" 344
"../../../Engine/Content/VREditor/TransformGizmo/SM_Sequencer_Node.uexp" 345
"../../../Engine/Content/VREditor/LaserPointer/VR_LaserPower_01.ubulk" 346
"../../../Engine/Content/VREditor/LaserPointer/VR_LaserPower_01.uasset" 347
"../../../Engine/Content/VREditor/LaserPointer/VR_LaserPower_01.uexp" 348
"../../../Engine/Content/VREditor/TransformGizmo/TransformGizmoMaterial.uasset" 349
"../../../Engine/Content/VREditor/TransformGizmo/TransformGizmoMaterial.uexp" 350
"../../../Engine/Content/VREditor/TransformGizmo/TranslucentTransformGizmoMaterial.uasset" 351
"../../../Engine/Content/VREditor/TransformGizmo/TranslucentTransformGizmoMaterial.uexp" 352
"../../../Engine/Content/VREditor/TransformGizmo/PlaneTranslationHandle.ubulk" 353
"../../../Engine/Content/VREditor/TransformGizmo/PlaneTranslationHandle.uasset" 354
"../../../Engine/Content/VREditor/TransformGizmo/PlaneTranslationHandle.uexp" 355
"../../../Engine/Content/VREditor/TransformGizmo/BoundingBoxEdge.ubulk" 356
"../../../Engine/Content/VREditor/TransformGizmo/BoundingBoxEdge.uasset" 357
"../../../Engine/Content/VREditor/TransformGizmo/BoundingBoxEdge.uexp" 358
"../../../Engine/Content/VREditor/TransformGizmo/BoundingBoxCorner.ubulk" 359
"../../../Engine/Content/VREditor/TransformGizmo/BoundingBoxCorner.uasset" 360
"../../../Engine/Content/VREditor/TransformGizmo/BoundingBoxCorner.uexp" 361
"../../../Engine/Plugins/2D/Paper2D/Content/PlaceholderTextures/DummySpriteTexture.ubulk" 362
"../../../Engine/Plugins/2D/Paper2D/Content/PlaceholderTextures/DummySpriteTexture.uasset" 363
"../../../Engine/Plugins/2D/Paper2D/Content/PlaceholderTextures/DummySpriteTexture.uexp" 364
"../../../Engine/Plugins/2D/Paper2D/Content/DefaultSpriteMaterial.uasset" 365
"../../../Engine/Plugins/2D/Paper2D/Content/DefaultSpriteMaterial.uexp" 366
"../../../Engine/Plugins/2D/Paper2D/Content/OpaqueUnlitSpriteMaterial.uasset" 367
"../../../Engine/Plugins/2D/Paper2D/Content/OpaqueUnlitSpriteMaterial.uexp" 368
"../../../Engine/Plugins/2D/Paper2D/Content/MaskedUnlitSpriteMaterial.uasset" 369
"../../../Engine/Plugins/2D/Paper2D/Content/MaskedUnlitSpriteMaterial.uexp" 370
"../../../Engine/Plugins/2D/Paper2D/Content/DummySprite.uasset" 371
"../../../Engine/Plugins/2D/Paper2D/Content/DummySprite.uexp" 372
"../../../Engine/Plugins/2D/Paper2D/Content/DefaultPaperTerrainMaterial.uasset" 373
"../../../Engine/Plugins/2D/Paper2D/Content/DefaultPaperTerrainMaterial.uexp" 374
"../../../Engine/Plugins/Animation/ControlRig/Content/M_Manip.uasset" 375
"../../../Engine/Plugins/Animation/ControlRig/Content/M_Manip.uexp" 376
"../../../Engine/Plugins/Animation/ControlRig/Content/Controls/DefaultGizmoLibraryNormalized.uasset" 377
"../../../Engine/Plugins/Animation/ControlRig/Content/Controls/DefaultGizmoLibraryNormalized.uexp" 378
"../../../Engine/Plugins/Animation/ControlRig/Content/Controls/ControlRig_Wedge_solid.ubulk" 379
"../../../Engine/Plugins/Animation/ControlRig/Content/Controls/ControlRig_Wedge_solid.uasset" 380
"../../../Engine/Plugins/Animation/ControlRig/Content/Controls/ControlRig_Wedge_solid.uexp" 381
"../../../Engine/Plugins/Animation/ControlRig/Content/Controls/ControlRig_Wedge_3mm.ubulk" 382
"../../../Engine/Plugins/Animation/ControlRig/Content/Controls/ControlRig_Wedge_3mm.uasset" 383
"../../../Engine/Plugins/Animation/ControlRig/Content/Controls/ControlRig_Wedge_3mm.uexp" 384
"../../../Engine/Plugins/Animation/ControlRig/Content/Controls/ControlRig_Wedge_1mm.ubulk" 385
"../../../Engine/Plugins/Animation/ControlRig/Content/Controls/ControlRig_Wedge_1mm.uasset" 386
"../../../Engine/Plugins/Animation/ControlRig/Content/Controls/ControlRig_Wedge_1mm.uexp" 387
"../../../Engine/Plugins/Animation/ControlRig/Content/Controls/ControlRig_Triangle_solid.ubulk" 388
"../../../Engine/Plugins/Animation/ControlRig/Content/Controls/ControlRig_Triangle_solid.uasset" 389
"../../../Engine/Plugins/Animation/ControlRig/Content/Controls/ControlRig_Triangle_solid.uexp" 390
"../../../Engine/Plugins/Animation/ControlRig/Content/Controls/ControlRig_Triangle_3mm.ubulk" 391
"../../../Engine/Plugins/Animation/ControlRig/Content/Controls/ControlRig_Triangle_3mm.uasset" 392
"../../../Engine/Plugins/Animation/ControlRig/Content/Controls/ControlRig_Triangle_3mm.uexp" 393
"../../../Engine/Plugins/Animation/ControlRig/Content/Controls/ControlRig_Triangle_1mm.ubulk" 394
"../../../Engine/Plugins/Animation/ControlRig/Content/Controls/ControlRig_Triangle_1mm.uasset" 395
"../../../Engine/Plugins/Animation/ControlRig/Content/Controls/ControlRig_Triangle_1mm.uexp" 396
"../../../Engine/Plugins/Animation/ControlRig/Content/Controls/ControlRig_Star4_solid.ubulk" 397
"../../../Engine/Plugins/Animation/ControlRig/Content/Controls/ControlRig_Star4_solid.uasset" 398
"../../../Engine/Plugins/Animation/ControlRig/Content/Controls/ControlRig_Star4_solid.uexp" 399
"../../../Engine/Plugins/Animation/ControlRig/Content/Controls/ControlRig_Star4_3mm.ubulk" 400
"../../../Engine/Plugins/Animation/ControlRig/Content/Controls/ControlRig_Star4_3mm.uasset" 401
"../../../Engine/Plugins/Animation/ControlRig/Content/Controls/ControlRig_Star4_3mm.uexp" 402
"../../../Engine/Plugins/Animation/ControlRig/Content/Controls/ControlRig_Star4_1mm.ubulk" 403
"../../../Engine/Plugins/Animation/ControlRig/Content/Controls/ControlRig_Star4_1mm.uasset" 404
"../../../Engine/Plugins/Animation/ControlRig/Content/Controls/ControlRig_Star4_1mm.uexp" 405
"../../../Engine/Plugins/Animation/ControlRig/Content/Controls/ControlRig_Square_solid.ubulk" 406
"../../../Engine/Plugins/Animation/ControlRig/Content/Controls/ControlRig_Square_solid.uasset" 407
"../../../Engine/Plugins/Animation/ControlRig/Content/Controls/ControlRig_Square_solid.uexp" 408
"../../../Engine/Plugins/Animation/ControlRig/Content/Controls/ControlRig_Square_3mm.ubulk" 409
"../../../Engine/Plugins/Animation/ControlRig/Content/Controls/ControlRig_Square_3mm.uasset" 410
"../../../Engine/Plugins/Animation/ControlRig/Content/Controls/ControlRig_Square_3mm.uexp" 411
"../../../Engine/Plugins/Animation/ControlRig/Content/Controls/ControlRig_Square_1mm.ubulk" 412
"../../../Engine/Plugins/Animation/ControlRig/Content/Controls/ControlRig_Square_1mm.uasset" 413
"../../../Engine/Plugins/Animation/ControlRig/Content/Controls/ControlRig_Square_1mm.uexp" 414
"../../../Engine/Plugins/Animation/ControlRig/Content/Controls/ControlRig_Sphere_solid.ubulk" 415
"../../../Engine/Plugins/Animation/ControlRig/Content/Controls/ControlRig_Sphere_solid.uasset" 416
"../../../Engine/Plugins/Animation/ControlRig/Content/Controls/ControlRig_Sphere_solid.uexp" 417
"../../../Engine/Plugins/Animation/ControlRig/Content/Controls/ControlRig_Sphere_3mm.ubulk" 418
"../../../Engine/Plugins/Animation/ControlRig/Content/Controls/ControlRig_Sphere_3mm.uasset" 419
"../../../Engine/Plugins/Animation/ControlRig/Content/Controls/ControlRig_Sphere_3mm.uexp" 420
"../../../Engine/Plugins/Animation/ControlRig/Content/Controls/ControlRig_Sphere_1mm.ubulk" 421
"../../../Engine/Plugins/Animation/ControlRig/Content/Controls/ControlRig_Sphere_1mm.uasset" 422
"../../../Engine/Plugins/Animation/ControlRig/Content/Controls/ControlRig_Sphere_1mm.uexp" 423
"../../../Engine/Plugins/Animation/ControlRig/Content/Controls/ControlRig_RoundedTriangle_solid.ubulk" 424
"../../../Engine/Plugins/Animation/ControlRig/Content/Controls/ControlRig_RoundedTriangle_solid.uasset" 425
"../../../Engine/Plugins/Animation/ControlRig/Content/Controls/ControlRig_RoundedTriangle_solid.uexp" 426
"../../../Engine/Plugins/Animation/ControlRig/Content/Controls/ControlRig_RoundedTriangle_3mm.ubulk" 427
"../../../Engine/Plugins/Animation/ControlRig/Content/Controls/ControlRig_RoundedTriangle_3mm.uasset" 428
"../../../Engine/Plugins/Animation/ControlRig/Content/Controls/ControlRig_RoundedTriangle_3mm.uexp" 429
"../../../Engine/Plugins/Animation/ControlRig/Content/Controls/ControlRig_RoundedTriangle_1mm.ubulk" 430
"../../../Engine/Plugins/Animation/ControlRig/Content/Controls/ControlRig_RoundedTriangle_1mm.uasset" 431
"../../../Engine/Plugins/Animation/ControlRig/Content/Controls/ControlRig_RoundedTriangle_1mm.uexp" 432
"../../../Engine/Plugins/Animation/ControlRig/Content/Controls/ControlRig_RoundedSquare_solid.ubulk" 433
"../../../Engine/Plugins/Animation/ControlRig/Content/Controls/ControlRig_RoundedSquare_solid.uasset" 434
"../../../Engine/Plugins/Animation/ControlRig/Content/Controls/ControlRig_RoundedSquare_solid.uexp" 435
"../../../Engine/Plugins/Animation/ControlRig/Content/Controls/ControlRig_RoundedSquare_3mm.ubulk" 436
"../../../Engine/Plugins/Animation/ControlRig/Content/Controls/ControlRig_RoundedSquare_3mm.uasset" 437
"../../../Engine/Plugins/Animation/ControlRig/Content/Controls/ControlRig_RoundedSquare_3mm.uexp" 438
"../../../Engine/Plugins/Animation/ControlRig/Content/Controls/ControlRig_RoundedSquare_1mm.ubulk" 439
"../../../Engine/Plugins/Animation/ControlRig/Content/Controls/ControlRig_RoundedSquare_1mm.uasset" 440
"../../../Engine/Plugins/Animation/ControlRig/Content/Controls/ControlRig_RoundedSquare_1mm.uexp" 441
"../../../Engine/Plugins/Animation/ControlRig/Content/Controls/ControlRig_QuarterCircle_solid.ubulk" 442
"../../../Engine/Plugins/Animation/ControlRig/Content/Controls/ControlRig_QuarterCircle_solid.uasset" 443
"../../../Engine/Plugins/Animation/ControlRig/Content/Controls/ControlRig_QuarterCircle_solid.uexp" 444
"../../../Engine/Plugins/Animation/ControlRig/Content/Controls/ControlRig_QuarterCircle_3mm.ubulk" 445
"../../../Engine/Plugins/Animation/ControlRig/Content/Controls/ControlRig_QuarterCircle_3mm.uasset" 446
"../../../Engine/Plugins/Animation/ControlRig/Content/Controls/ControlRig_QuarterCircle_3mm.uexp" 447
"../../../Engine/Plugins/Animation/ControlRig/Content/Controls/ControlRig_QuarterCircle_1mm.ubulk" 448
"../../../Engine/Plugins/Animation/ControlRig/Content/Controls/ControlRig_QuarterCircle_1mm.uasset" 449
"../../../Engine/Plugins/Animation/ControlRig/Content/Controls/ControlRig_QuarterCircle_1mm.uexp" 450
"../../../Engine/Plugins/Animation/ControlRig/Content/Controls/ControlRig_Pyramid_solid.ubulk" 451
"../../../Engine/Plugins/Animation/ControlRig/Content/Controls/ControlRig_Pyramid_solid.uasset" 452
"../../../Engine/Plugins/Animation/ControlRig/Content/Controls/ControlRig_Pyramid_solid.uexp" 453
"../../../Engine/Plugins/Animation/ControlRig/Content/Controls/ControlRig_Pyramid_3mm.ubulk" 454
"../../../Engine/Plugins/Animation/ControlRig/Content/Controls/ControlRig_Pyramid_3mm.uasset" 455
"../../../Engine/Plugins/Animation/ControlRig/Content/Controls/ControlRig_Pyramid_3mm.uexp" 456
"../../../Engine/Plugins/Animation/ControlRig/Content/Controls/ControlRig_Pyramid_1mm.ubulk" 457
"../../../Engine/Plugins/Animation/ControlRig/Content/Controls/ControlRig_Pyramid_1mm.uasset" 458
"../../../Engine/Plugins/Animation/ControlRig/Content/Controls/ControlRig_Pyramid_1mm.uexp" 459
"../../../Engine/Plugins/Animation/ControlRig/Content/Controls/ControlRig_Octagon_solid.ubulk" 460
"../../../Engine/Plugins/Animation/ControlRig/Content/Controls/ControlRig_Octagon_solid.uasset" 461
"../../../Engine/Plugins/Animation/ControlRig/Content/Controls/ControlRig_Octagon_solid.uexp" 462
"../../../Engine/Plugins/Animation/ControlRig/Content/Controls/ControlRig_Octagon_3mm.ubulk" 463
"../../../Engine/Plugins/Animation/ControlRig/Content/Controls/ControlRig_Octagon_3mm.uasset" 464
"../../../Engine/Plugins/Animation/ControlRig/Content/Controls/ControlRig_Octagon_3mm.uexp" 465
"../../../Engine/Plugins/Animation/ControlRig/Content/Controls/ControlRig_Octagon_1mm.ubulk" 466
"../../../Engine/Plugins/Animation/ControlRig/Content/Controls/ControlRig_Octagon_1mm.uasset" 467
"../../../Engine/Plugins/Animation/ControlRig/Content/Controls/ControlRig_Octagon_1mm.uexp" 468
"../../../Engine/Plugins/Animation/ControlRig/Content/Controls/ControlRig_Hexagon_solid.ubulk" 469
"../../../Engine/Plugins/Animation/ControlRig/Content/Controls/ControlRig_Hexagon_solid.uasset" 470
"../../../Engine/Plugins/Animation/ControlRig/Content/Controls/ControlRig_Hexagon_solid.uexp" 471
"../../../Engine/Plugins/Animation/ControlRig/Content/Controls/ControlRig_Hexagon_3mm.ubulk" 472
"../../../Engine/Plugins/Animation/ControlRig/Content/Controls/ControlRig_Hexagon_3mm.uasset" 473
"../../../Engine/Plugins/Animation/ControlRig/Content/Controls/ControlRig_Hexagon_3mm.uexp" 474
"../../../Engine/Plugins/Animation/ControlRig/Content/Controls/ControlRig_Hexagon_1mm.ubulk" 475
"../../../Engine/Plugins/Animation/ControlRig/Content/Controls/ControlRig_Hexagon_1mm.uasset" 476
"../../../Engine/Plugins/Animation/ControlRig/Content/Controls/ControlRig_Hexagon_1mm.uexp" 477
"../../../Engine/Plugins/Animation/ControlRig/Content/Controls/ControlRig_HalfCircle_solid.ubulk" 478
"../../../Engine/Plugins/Animation/ControlRig/Content/Controls/ControlRig_HalfCircle_solid.uasset" 479
"../../../Engine/Plugins/Animation/ControlRig/Content/Controls/ControlRig_HalfCircle_solid.uexp" 480
"../../../Engine/Plugins/Animation/ControlRig/Content/Controls/ControlRig_HalfCircle_3mm.ubulk" 481
"../../../Engine/Plugins/Animation/ControlRig/Content/Controls/ControlRig_HalfCircle_3mm.uasset" 482
"../../../Engine/Plugins/Animation/ControlRig/Content/Controls/ControlRig_HalfCircle_3mm.uexp" 483
"../../../Engine/Plugins/Animation/ControlRig/Content/Controls/ControlRig_HalfCircle_1mm.ubulk" 484
"../../../Engine/Plugins/Animation/ControlRig/Content/Controls/ControlRig_HalfCircle_1mm.uasset" 485
"../../../Engine/Plugins/Animation/ControlRig/Content/Controls/ControlRig_HalfCircle_1mm.uexp" 486
"../../../Engine/Plugins/Animation/ControlRig/Content/Controls/ControlRig_Diamond_solid.ubulk" 487
"../../../Engine/Plugins/Animation/ControlRig/Content/Controls/ControlRig_Diamond_solid.uasset" 488
"../../../Engine/Plugins/Animation/ControlRig/Content/Controls/ControlRig_Diamond_solid.uexp" 489
"../../../Engine/Plugins/Animation/ControlRig/Content/Controls/ControlRig_Diamond_3mm.ubulk" 490
"../../../Engine/Plugins/Animation/ControlRig/Content/Controls/ControlRig_Diamond_3mm.uasset" 491
"../../../Engine/Plugins/Animation/ControlRig/Content/Controls/ControlRig_Diamond_3mm.uexp" 492
"../../../Engine/Plugins/Animation/ControlRig/Content/Controls/ControlRig_Diamond_1mm.ubulk" 493
"../../../Engine/Plugins/Animation/ControlRig/Content/Controls/ControlRig_Diamond_1mm.uasset" 494
"../../../Engine/Plugins/Animation/ControlRig/Content/Controls/ControlRig_Diamond_1mm.uexp" 495
"../../../Engine/Plugins/Animation/ControlRig/Content/Controls/ControlRig_Circle_solid.ubulk" 496
"../../../Engine/Plugins/Animation/ControlRig/Content/Controls/ControlRig_Circle_solid.uasset" 497
"../../../Engine/Plugins/Animation/ControlRig/Content/Controls/ControlRig_Circle_solid.uexp" 498
"../../../Engine/Plugins/Animation/ControlRig/Content/Controls/ControlRig_Circle_3mm.ubulk" 499
"../../../Engine/Plugins/Animation/ControlRig/Content/Controls/ControlRig_Circle_3mm.uasset" 500
"../../../Engine/Plugins/Animation/ControlRig/Content/Controls/ControlRig_Circle_3mm.uexp" 501
"../../../Engine/Plugins/Animation/ControlRig/Content/Controls/ControlRig_Circle_1mm.ubulk" 502
"../../../Engine/Plugins/Animation/ControlRig/Content/Controls/ControlRig_Circle_1mm.uasset" 503
"../../../Engine/Plugins/Animation/ControlRig/Content/Controls/ControlRig_Circle_1mm.uexp" 504
"../../../Engine/Plugins/Animation/ControlRig/Content/Controls/ControlRig_Box_solid.ubulk" 505
"../../../Engine/Plugins/Animation/ControlRig/Content/Controls/ControlRig_Box_solid.uasset" 506
"../../../Engine/Plugins/Animation/ControlRig/Content/Controls/ControlRig_Box_solid.uexp" 507
"../../../Engine/Plugins/Animation/ControlRig/Content/Controls/ControlRig_Box_3mm.ubulk" 508
"../../../Engine/Plugins/Animation/ControlRig/Content/Controls/ControlRig_Box_3mm.uasset" 509
"../../../Engine/Plugins/Animation/ControlRig/Content/Controls/ControlRig_Box_3mm.uexp" 510
"../../../Engine/Plugins/Animation/ControlRig/Content/Controls/ControlRig_Box_1mm.ubulk" 511
"../../../Engine/Plugins/Animation/ControlRig/Content/Controls/ControlRig_Box_1mm.uasset" 512
"../../../Engine/Plugins/Animation/ControlRig/Content/Controls/ControlRig_Box_1mm.uexp" 513
"../../../Engine/Plugins/Animation/ControlRig/Content/Controls/ControlRig_Arrow_solid.ubulk" 514
"../../../Engine/Plugins/Animation/ControlRig/Content/Controls/ControlRig_Arrow_solid.uasset" 515
"../../../Engine/Plugins/Animation/ControlRig/Content/Controls/ControlRig_Arrow_solid.uexp" 516
"../../../Engine/Plugins/Animation/ControlRig/Content/Controls/ControlRig_Arrow_3mm.ubulk" 517
"../../../Engine/Plugins/Animation/ControlRig/Content/Controls/ControlRig_Arrow_3mm.uasset" 518
"../../../Engine/Plugins/Animation/ControlRig/Content/Controls/ControlRig_Arrow_3mm.uexp" 519
"../../../Engine/Plugins/Animation/ControlRig/Content/Controls/ControlRig_Arrow_1mm.ubulk" 520
"../../../Engine/Plugins/Animation/ControlRig/Content/Controls/ControlRig_Arrow_1mm.uasset" 521
"../../../Engine/Plugins/Animation/ControlRig/Content/Controls/ControlRig_Arrow_1mm.uexp" 522
"../../../Engine/Plugins/Animation/ControlRig/Content/Controls/ControlRig_Arrow4_solid.ubulk" 523
"../../../Engine/Plugins/Animation/ControlRig/Content/Controls/ControlRig_Arrow4_solid.uasset" 524
"../../../Engine/Plugins/Animation/ControlRig/Content/Controls/ControlRig_Arrow4_solid.uexp" 525
"../../../Engine/Plugins/Animation/ControlRig/Content/Controls/ControlRig_Arrow4_3mm.ubulk" 526
"../../../Engine/Plugins/Animation/ControlRig/Content/Controls/ControlRig_Arrow4_3mm.uasset" 527
"../../../Engine/Plugins/Animation/ControlRig/Content/Controls/ControlRig_Arrow4_3mm.uexp" 528
"../../../Engine/Plugins/Animation/ControlRig/Content/Controls/ControlRig_Arrow4_1mm.ubulk" 529
"../../../Engine/Plugins/Animation/ControlRig/Content/Controls/ControlRig_Arrow4_1mm.uasset" 530
"../../../Engine/Plugins/Animation/ControlRig/Content/Controls/ControlRig_Arrow4_1mm.uexp" 531
"../../../Engine/Plugins/Animation/ControlRig/Content/Controls/ControlRig_Arrow2_solid.ubulk" 532
"../../../Engine/Plugins/Animation/ControlRig/Content/Controls/ControlRig_Arrow2_solid.uasset" 533
"../../../Engine/Plugins/Animation/ControlRig/Content/Controls/ControlRig_Arrow2_solid.uexp" 534
"../../../Engine/Plugins/Animation/ControlRig/Content/Controls/ControlRig_Arrow2_3mm.ubulk" 535
"../../../Engine/Plugins/Animation/ControlRig/Content/Controls/ControlRig_Arrow2_3mm.uasset" 536
"../../../Engine/Plugins/Animation/ControlRig/Content/Controls/ControlRig_Arrow2_3mm.uexp" 537
"../../../Engine/Plugins/Animation/ControlRig/Content/Controls/ControlRig_Arrow2_1mm.ubulk" 538
"../../../Engine/Plugins/Animation/ControlRig/Content/Controls/ControlRig_Arrow2_1mm.uasset" 539
"../../../Engine/Plugins/Animation/ControlRig/Content/Controls/ControlRig_Arrow2_1mm.uexp" 540
"../../../Engine/Plugins/Animation/ControlRig/Content/Controls/ControlRigGizmoMaterial.uasset" 541
"../../../Engine/Plugins/Animation/ControlRig/Content/Controls/ControlRigGizmoMaterial.uexp" 542
"../../../Engine/Plugins/Editor/SpeedTreeImporter/Content/SpeedTree9/game_wind_noise.ubulk" 543
"../../../Engine/Plugins/Editor/SpeedTreeImporter/Content/SpeedTree9/game_wind_noise.uasset" 544
"../../../Engine/Plugins/Editor/SpeedTreeImporter/Content/SpeedTree9/game_wind_noise.uexp" 545
"../../../Engine/Plugins/Editor/SpeedTreeImporter/Content/SpeedTree9/UnpackDirection.uasset" 546
"../../../Engine/Plugins/Editor/SpeedTreeImporter/Content/SpeedTree9/UnpackDirection.uexp" 547
"../../../Engine/Content/Functions/Engine_MaterialFunctions02/ObjectLocalBounds.uasset" 548
"../../../Engine/Content/Functions/Engine_MaterialFunctions02/ObjectLocalBounds.uexp" 549
"../../../Engine/Content/Functions/Engine_MaterialFunctions02/UVs/BoundingBoxBased_0-1_UVW.uasset" 550
"../../../Engine/Content/Functions/Engine_MaterialFunctions02/UVs/BoundingBoxBased_0-1_UVW.uexp" 551
"../../../Engine/Content/Functions/Engine_MaterialFunctions02/Utility/VectorLength.uasset" 552
"../../../Engine/Content/Functions/Engine_MaterialFunctions02/Utility/VectorLength.uexp" 553
"../../../Engine/Plugins/Editor/SpeedTreeImporter/Content/SpeedTree9/UnpackInteger3.uasset" 554
"../../../Engine/Plugins/Editor/SpeedTreeImporter/Content/SpeedTree9/UnpackInteger3.uexp" 555
"../../../Engine/Plugins/Editor/SpeedTreeImporter/Content/SpeedTree9/SpeedTreeCameraFacing.uasset" 556
"../../../Engine/Plugins/Editor/SpeedTreeImporter/Content/SpeedTree9/SpeedTreeCameraFacing.uexp" 557
"../../../Engine/Content/Functions/Engine_MaterialFunctions02/WorldPositionOffset/ObjectScale.uasset" 558
"../../../Engine/Content/Functions/Engine_MaterialFunctions02/WorldPositionOffset/ObjectScale.uexp" 559
"../../../Engine/Content/Functions/Engine_MaterialFunctions02/SafeNormalize.uasset" 560
"../../../Engine/Content/Functions/Engine_MaterialFunctions02/SafeNormalize.uexp" 561
"../../../Engine/Plugins/Editor/SpeedTreeImporter/Content/SpeedTree9/SpeedTreeWindMotion.uasset" 562
"../../../Engine/Plugins/Editor/SpeedTreeImporter/Content/SpeedTree9/SpeedTreeWindMotion.uexp" 563
"../../../Engine/Plugins/Editor/SpeedTreeImporter/Content/SpeedTree9/SpeedTreeBranchMotion.uasset" 564
"../../../Engine/Plugins/Editor/SpeedTreeImporter/Content/SpeedTree9/SpeedTreeBranchMotion.uexp" 565
"../../../Engine/Plugins/Editor/SpeedTreeImporter/Content/SpeedTree9/SpeedTreeWind.uasset" 566
"../../../Engine/Plugins/Editor/SpeedTreeImporter/Content/SpeedTree9/SpeedTreeWind.uexp" 567
"../../../Engine/Plugins/Editor/SpeedTreeImporter/Content/SpeedTree9/EmptyNormal.uasset" 568
"../../../Engine/Plugins/Editor/SpeedTreeImporter/Content/SpeedTree9/EmptyNormal.uexp" 569
"../../../Engine/Plugins/Editor/SpeedTreeImporter/Content/SpeedTree9/Empty.uasset" 570
"../../../Engine/Plugins/Editor/SpeedTreeImporter/Content/SpeedTree9/Empty.uexp" 571
"../../../Engine/Plugins/Editor/SpeedTreeImporter/Content/SpeedTree9/SpeedTreeMaster.uasset" 572
"../../../Engine/Plugins/Editor/SpeedTreeImporter/Content/SpeedTree9/SpeedTreeMaster.uexp" 573
"../../../Engine/Plugins/Editor/SpeedTreeImporter/Content/SpeedTree9/SpeedTreeBillboard.uasset" 574
"../../../Engine/Plugins/Editor/SpeedTreeImporter/Content/SpeedTree9/SpeedTreeBillboard.uexp" 575
"../../../Engine/Plugins/Editor/SpeedTreeImporter/Content/SpeedTree9/SpeedTreeBillboardMaster.uasset" 576
"../../../Engine/Plugins/Editor/SpeedTreeImporter/Content/SpeedTree9/SpeedTreeBillboardMaster.uexp" 577
"../../../Engine/Plugins/Runtime/HairStrands/Content/Materials/HairMeshesDefaultMaterial.uasset" 578
"../../../Engine/Plugins/Runtime/HairStrands/Content/Materials/HairMeshesDefaultMaterial.uexp" 579
"../../../Engine/Plugins/Runtime/HairStrands/Content/Materials/HairDefaultMaterial.uasset" 580
"../../../Engine/Plugins/Runtime/HairStrands/Content/Materials/HairDefaultMaterial.uexp" 581
"../../../Engine/Plugins/Runtime/HairStrands/Content/Materials/HairGroupColors.uasset" 582
"../../../Engine/Plugins/Runtime/HairStrands/Content/Materials/HairGroupColors.uexp" 583
"../../../Engine/Content/EngineMaterials/HairColorMap.uasset" 584
"../../../Engine/Content/EngineMaterials/HairColorMap.uexp" 585
"../../../Engine/Content/EngineMaterials/HairDebugColor.uasset" 586
"../../../Engine/Content/EngineMaterials/HairDebugColor.uexp" 587
"../../../Engine/Plugins/Runtime/HairStrands/Content/Materials/HairDebugMaterial.uasset" 588
"../../../Engine/Plugins/Runtime/HairStrands/Content/Materials/HairDebugMaterial.uexp" 589
"../../../Engine/Plugins/Runtime/HairStrands/Content/Materials/HairCardsDefaultMaterial.uasset" 590
"../../../Engine/Plugins/Runtime/HairStrands/Content/Materials/HairCardsDefaultMaterial.uexp" 591
"C:/Users/kylej/Documents/PortfolioSSd/DescentIntoAtlantis/DesentIntoAtlantis/Content/Map/NewMap_HLOD0_Instancing.uasset" 592
"C:/Users/kylej/Documents/PortfolioSSd/DescentIntoAtlantis/DesentIntoAtlantis/Content/Map/NewMap_HLOD0_Instancing.uexp" 593
"C:/Users/kylej/Documents/PortfolioSSd/DescentIntoAtlantis/DesentIntoAtlantis/Content/Ui/uiTextures/Misc/Turn_Face_Ally.uasset" 594
"C:/Users/kylej/Documents/PortfolioSSd/DescentIntoAtlantis/DesentIntoAtlantis/Content/Ui/uiTextures/Misc/Turn_Face_Ally.uexp" 595
"C:/Users/kylej/Documents/PortfolioSSd/DescentIntoAtlantis/DesentIntoAtlantis/Content/Ui/BP_TurnCounterElement.uasset" 596
"C:/Users/kylej/Documents/PortfolioSSd/DescentIntoAtlantis/DesentIntoAtlantis/Content/Ui/BP_TurnCounterElement.uexp" 597
"C:/Users/kylej/Documents/PortfolioSSd/DescentIntoAtlantis/DesentIntoAtlantis/Content/Datatables/Icons/earth_element.ubulk" 598
"C:/Users/kylej/Documents/PortfolioSSd/DescentIntoAtlantis/DesentIntoAtlantis/Content/Datatables/Icons/earth_element.uasset" 599
"C:/Users/kylej/Documents/PortfolioSSd/DescentIntoAtlantis/DesentIntoAtlantis/Content/Datatables/Icons/earth_element.uexp" 600
"C:/Users/kylej/Documents/PortfolioSSd/DescentIntoAtlantis/DesentIntoAtlantis/Content/Datatables/Icons/shadow_element_1.ubulk" 601
"C:/Users/kylej/Documents/PortfolioSSd/DescentIntoAtlantis/DesentIntoAtlantis/Content/Datatables/Icons/shadow_element_1.uasset" 602
"C:/Users/kylej/Documents/PortfolioSSd/DescentIntoAtlantis/DesentIntoAtlantis/Content/Datatables/Icons/shadow_element_1.uexp" 603
"C:/Users/kylej/Documents/PortfolioSSd/DescentIntoAtlantis/DesentIntoAtlantis/Content/Datatables/Icons/ice_element.ubulk" 604
"C:/Users/kylej/Documents/PortfolioSSd/DescentIntoAtlantis/DesentIntoAtlantis/Content/Datatables/Icons/ice_element.uasset" 605
"C:/Users/kylej/Documents/PortfolioSSd/DescentIntoAtlantis/DesentIntoAtlantis/Content/Datatables/Icons/ice_element.uexp" 606
"C:/Users/kylej/Documents/PortfolioSSd/DescentIntoAtlantis/DesentIntoAtlantis/Content/Datatables/Icons/wind_element.ubulk" 607
"C:/Users/kylej/Documents/PortfolioSSd/DescentIntoAtlantis/DesentIntoAtlantis/Content/Datatables/Icons/wind_element.uasset" 608
"C:/Users/kylej/Documents/PortfolioSSd/DescentIntoAtlantis/DesentIntoAtlantis/Content/Datatables/Icons/wind_element.uexp" 609
"C:/Users/kylej/Documents/PortfolioSSd/DescentIntoAtlantis/DesentIntoAtlantis/Content/Datatables/Icons/light_element_1.ubulk" 610
"C:/Users/kylej/Documents/PortfolioSSd/DescentIntoAtlantis/DesentIntoAtlantis/Content/Datatables/Icons/light_element_1.uasset" 611
"C:/Users/kylej/Documents/PortfolioSSd/DescentIntoAtlantis/DesentIntoAtlantis/Content/Datatables/Icons/light_element_1.uexp" 612
"C:/Users/kylej/Documents/PortfolioSSd/DescentIntoAtlantis/DesentIntoAtlantis/Content/Datatables/Icons/fire_element_1.ubulk" 613
"C:/Users/kylej/Documents/PortfolioSSd/DescentIntoAtlantis/DesentIntoAtlantis/Content/Datatables/Icons/fire_element_1.uasset" 614
"C:/Users/kylej/Documents/PortfolioSSd/DescentIntoAtlantis/DesentIntoAtlantis/Content/Datatables/Icons/fire_element_1.uexp" 615
"C:/Users/kylej/Documents/PortfolioSSd/DescentIntoAtlantis/DesentIntoAtlantis/Content/Ui/uiTextures/Misc/AllSidesOpen.uasset" 616
"C:/Users/kylej/Documents/PortfolioSSd/DescentIntoAtlantis/DesentIntoAtlantis/Content/Ui/uiTextures/Misc/AllSidesOpen.uexp" 617
"C:/Users/kylej/Documents/PortfolioSSd/DescentIntoAtlantis/DesentIntoAtlantis/Content/Datatables/Icons/lightning_element.ubulk" 618
"C:/Users/kylej/Documents/PortfolioSSd/DescentIntoAtlantis/DesentIntoAtlantis/Content/Datatables/Icons/lightning_element.uasset" 619
"C:/Users/kylej/Documents/PortfolioSSd/DescentIntoAtlantis/DesentIntoAtlantis/Content/Datatables/Icons/lightning_element.uexp" 620
"C:/Users/kylej/Documents/PortfolioSSd/DescentIntoAtlantis/DesentIntoAtlantis/Content/Datatables/Icons/null_element.ubulk" 621
"C:/Users/kylej/Documents/PortfolioSSd/DescentIntoAtlantis/DesentIntoAtlantis/Content/Datatables/Icons/null_element.uasset" 622
"C:/Users/kylej/Documents/PortfolioSSd/DescentIntoAtlantis/DesentIntoAtlantis/Content/Datatables/Icons/null_element.uexp" 623
"C:/Users/kylej/Documents/PortfolioSSd/DescentIntoAtlantis/DesentIntoAtlantis/Content/Ui/BP_EnemySelectionBar.uasset" 624
"C:/Users/kylej/Documents/PortfolioSSd/DescentIntoAtlantis/DesentIntoAtlantis/Content/Ui/BP_EnemySelectionBar.uexp" 625
"C:/Users/kylej/Documents/PortfolioSSd/DescentIntoAtlantis/DesentIntoAtlantis/Content/Ui/BP_CombatSelectionView.uasset" 626
"C:/Users/kylej/Documents/PortfolioSSd/DescentIntoAtlantis/DesentIntoAtlantis/Content/Ui/BP_CombatSelectionView.uexp" 627
"C:/Users/kylej/Documents/PortfolioSSd/DescentIntoAtlantis/DesentIntoAtlantis/Content/Ui/uiTextures/HealthBoard/HealthbardFill2.uasset" 628
"C:/Users/kylej/Documents/PortfolioSSd/DescentIntoAtlantis/DesentIntoAtlantis/Content/Ui/uiTextures/HealthBoard/HealthbardFill2.uexp" 629
"C:/Users/kylej/Documents/PortfolioSSd/DescentIntoAtlantis/DesentIntoAtlantis/Content/Ui/uiTextures/Misc/healthboardHighlight.uasset" 630
"C:/Users/kylej/Documents/PortfolioSSd/DescentIntoAtlantis/DesentIntoAtlantis/Content/Ui/uiTextures/Misc/healthboardHighlight.uexp" 631
"C:/Users/kylej/Documents/PortfolioSSd/DescentIntoAtlantis/DesentIntoAtlantis/Content/Ui/uiTextures/HealthBoard/HealthbarFill.uasset" 632
"C:/Users/kylej/Documents/PortfolioSSd/DescentIntoAtlantis/DesentIntoAtlantis/Content/Ui/uiTextures/HealthBoard/HealthbarFill.uexp" 633
"C:/Users/kylej/Documents/PortfolioSSd/DescentIntoAtlantis/DesentIntoAtlantis/Content/Ui/uiTextures/Misc/mask.uasset" 634
"C:/Users/kylej/Documents/PortfolioSSd/DescentIntoAtlantis/DesentIntoAtlantis/Content/Ui/uiTextures/Misc/mask.uexp" 635
"C:/Users/kylej/Documents/PortfolioSSd/DescentIntoAtlantis/DesentIntoAtlantis/Content/Ui/BP_MAT_Mask.uasset" 636
"C:/Users/kylej/Documents/PortfolioSSd/DescentIntoAtlantis/DesentIntoAtlantis/Content/Ui/BP_MAT_Mask.uexp" 637
"C:/Users/kylej/Documents/PortfolioSSd/DescentIntoAtlantis/DesentIntoAtlantis/Content/Ui/uiTextures/HealthBoard/Testhigherezhealthboard.uasset" 638
"C:/Users/kylej/Documents/PortfolioSSd/DescentIntoAtlantis/DesentIntoAtlantis/Content/Ui/uiTextures/HealthBoard/Testhigherezhealthboard.uexp" 639
"C:/Users/kylej/Documents/PortfolioSSd/DescentIntoAtlantis/DesentIntoAtlantis/Content/Ui/BP_PartyHealthbarElement.uasset" 640
"C:/Users/kylej/Documents/PortfolioSSd/DescentIntoAtlantis/DesentIntoAtlantis/Content/Ui/BP_PartyHealthbarElement.uexp" 641
"C:/Users/kylej/Documents/PortfolioSSd/DescentIntoAtlantis/DesentIntoAtlantis/Content/Ui/uiTextures/Misc/battlebackground.uasset" 642
"C:/Users/kylej/Documents/PortfolioSSd/DescentIntoAtlantis/DesentIntoAtlantis/Content/Ui/uiTextures/Misc/battlebackground.uexp" 643
"C:/Users/kylej/Documents/PortfolioSSd/DescentIntoAtlantis/DesentIntoAtlantis/Content/Ui/BP_CombatBackground.uasset" 644
"C:/Users/kylej/Documents/PortfolioSSd/DescentIntoAtlantis/DesentIntoAtlantis/Content/Ui/BP_CombatBackground.uexp" 645
"C:/Users/kylej/Documents/PortfolioSSd/DescentIntoAtlantis/DesentIntoAtlantis/Content/Datatables/Icons/ice_element_1.ubulk" 646
"C:/Users/kylej/Documents/PortfolioSSd/DescentIntoAtlantis/DesentIntoAtlantis/Content/Datatables/Icons/ice_element_1.uasset" 647
"C:/Users/kylej/Documents/PortfolioSSd/DescentIntoAtlantis/DesentIntoAtlantis/Content/Datatables/Icons/ice_element_1.uexp" 648
"C:/Users/kylej/Documents/PortfolioSSd/DescentIntoAtlantis/DesentIntoAtlantis/Content/Ui/uiTextures/Misc/EnemySkillpanel.uasset" 649
"C:/Users/kylej/Documents/PortfolioSSd/DescentIntoAtlantis/DesentIntoAtlantis/Content/Ui/uiTextures/Misc/EnemySkillpanel.uexp" 650
"C:/Users/kylej/Documents/PortfolioSSd/DescentIntoAtlantis/DesentIntoAtlantis/Content/Ui/BP_EnemySkillView.uasset" 651
"C:/Users/kylej/Documents/PortfolioSSd/DescentIntoAtlantis/DesentIntoAtlantis/Content/Ui/BP_EnemySkillView.uexp" 652
"C:/Users/kylej/Documents/PortfolioSSd/DescentIntoAtlantis/DesentIntoAtlantis/Content/Ui/BP_PartyHealthbarView.uasset" 653
"C:/Users/kylej/Documents/PortfolioSSd/DescentIntoAtlantis/DesentIntoAtlantis/Content/Ui/BP_PartyHealthbarView.uexp" 654
"C:/Users/kylej/Documents/PortfolioSSd/DescentIntoAtlantis/DesentIntoAtlantis/Content/Ui/uiTextures/Misc/artassetman.uasset" 655
"C:/Users/kylej/Documents/PortfolioSSd/DescentIntoAtlantis/DesentIntoAtlantis/Content/Ui/uiTextures/Misc/artassetman.uexp" 656
"C:/Users/kylej/Documents/PortfolioSSd/DescentIntoAtlantis/DesentIntoAtlantis/Content/Ui/BP_Commandboard.uasset" 657
"C:/Users/kylej/Documents/PortfolioSSd/DescentIntoAtlantis/DesentIntoAtlantis/Content/Ui/BP_Commandboard.uexp" 658
"C:/Users/kylej/Documents/PortfolioSSd/DescentIntoAtlantis/DesentIntoAtlantis/Content/Ui/BP_TurnCounter.uasset" 659
"C:/Users/kylej/Documents/PortfolioSSd/DescentIntoAtlantis/DesentIntoAtlantis/Content/Ui/BP_TurnCounter.uexp" 660
"C:/Users/kylej/Documents/PortfolioSSd/DescentIntoAtlantis/DesentIntoAtlantis/Content/Ui/uiTextures/BatteIndicators/WEAK_Indicator.uasset" 661
"C:/Users/kylej/Documents/PortfolioSSd/DescentIntoAtlantis/DesentIntoAtlantis/Content/Ui/uiTextures/BatteIndicators/WEAK_Indicator.uexp" 662
"C:/Users/kylej/Documents/PortfolioSSd/DescentIntoAtlantis/DesentIntoAtlantis/Content/Ui/BP_EnemyPortraitElement.uasset" 663
"C:/Users/kylej/Documents/PortfolioSSd/DescentIntoAtlantis/DesentIntoAtlantis/Content/Ui/BP_EnemyPortraitElement.uexp" 664
"C:/Users/kylej/Documents/PortfolioSSd/DescentIntoAtlantis/DesentIntoAtlantis/Content/Ui/BP_EnemyPortraits.uasset" 665
"C:/Users/kylej/Documents/PortfolioSSd/DescentIntoAtlantis/DesentIntoAtlantis/Content/Ui/BP_EnemyPortraits.uexp" 666
"C:/Users/kylej/Documents/PortfolioSSd/DescentIntoAtlantis/DesentIntoAtlantis/Content/Materials/Wall.uasset" 667
"C:/Users/kylej/Documents/PortfolioSSd/DescentIntoAtlantis/DesentIntoAtlantis/Content/Materials/Wall.uexp" 668
"C:/Users/kylej/Documents/PortfolioSSd/DescentIntoAtlantis/DesentIntoAtlantis/Content/Ui/uiTextures/Misc/SkillpanelHighlight.uasset" 669
"C:/Users/kylej/Documents/PortfolioSSd/DescentIntoAtlantis/DesentIntoAtlantis/Content/Ui/uiTextures/Misc/SkillpanelHighlight.uexp" 670
"C:/Users/kylej/Documents/PortfolioSSd/DescentIntoAtlantis/DesentIntoAtlantis/Content/Ui/uiTextures/Misc/Skillpanel5.uasset" 671
"C:/Users/kylej/Documents/PortfolioSSd/DescentIntoAtlantis/DesentIntoAtlantis/Content/Ui/uiTextures/Misc/Skillpanel5.uexp" 672
"C:/Users/kylej/Documents/PortfolioSSd/DescentIntoAtlantis/DesentIntoAtlantis/Content/Ui/BP_Skillbar.uasset" 673
"C:/Users/kylej/Documents/PortfolioSSd/DescentIntoAtlantis/DesentIntoAtlantis/Content/Ui/BP_Skillbar.uexp" 674
"C:/Users/kylej/Documents/PortfolioSSd/DescentIntoAtlantis/DesentIntoAtlantis/Content/Ui/BP_SkillMenu.uasset" 675
"C:/Users/kylej/Documents/PortfolioSSd/DescentIntoAtlantis/DesentIntoAtlantis/Content/Ui/BP_SkillMenu.uexp" 676
"C:/Users/kylej/Documents/PortfolioSSd/DescentIntoAtlantis/DesentIntoAtlantis/Content/Ui/BP_InGameHUD.uasset" 677
"C:/Users/kylej/Documents/PortfolioSSd/DescentIntoAtlantis/DesentIntoAtlantis/Content/Ui/BP_InGameHUD.uexp" 678
"C:/Users/kylej/Documents/PortfolioSSd/DescentIntoAtlantis/DesentIntoAtlantis/Content/CodeObjects/MyDesentIntoAtlantisGameModeBase.uasset" 679
"C:/Users/kylej/Documents/PortfolioSSd/DescentIntoAtlantis/DesentIntoAtlantis/Content/CodeObjects/MyDesentIntoAtlantisGameModeBase.uexp" 680
"C:/Users/kylej/Documents/PortfolioSSd/DescentIntoAtlantis/DesentIntoAtlantis/Content/Objects/3D_Ground_Cube.ubulk" 681
"C:/Users/kylej/Documents/PortfolioSSd/DescentIntoAtlantis/DesentIntoAtlantis/Content/Objects/3D_Ground_Cube.uasset" 682
"C:/Users/kylej/Documents/PortfolioSSd/DescentIntoAtlantis/DesentIntoAtlantis/Content/Objects/3D_Ground_Cube.uexp" 683
"../../../Engine/Content/BasicShapes/BasicShapeMaterial.uasset" 684
"../../../Engine/Content/BasicShapes/BasicShapeMaterial.uexp" 685
"../../../Engine/Content/BasicShapes/Plane.ubulk" 686
"../../../Engine/Content/BasicShapes/Plane.uasset" 687
"../../../Engine/Content/BasicShapes/Plane.uexp" 688
"C:/Users/kylej/Documents/PortfolioSSd/DescentIntoAtlantis/DesentIntoAtlantis/Content/Materials/AllSidesOpen-blue.uasset" 689
"C:/Users/kylej/Documents/PortfolioSSd/DescentIntoAtlantis/DesentIntoAtlantis/Content/Materials/AllSidesOpen-blue.uexp" 690
"C:/Users/kylej/Documents/PortfolioSSd/DescentIntoAtlantis/DesentIntoAtlantis/Content/Materials/MaterialFloorColor.uasset" 691
"C:/Users/kylej/Documents/PortfolioSSd/DescentIntoAtlantis/DesentIntoAtlantis/Content/Materials/MaterialFloorColor.uexp" 692
"C:/Users/kylej/Documents/PortfolioSSd/DescentIntoAtlantis/DesentIntoAtlantis/Content/Objects/Material__25.uasset" 693
"C:/Users/kylej/Documents/PortfolioSSd/DescentIntoAtlantis/DesentIntoAtlantis/Content/Objects/Material__25.uexp" 694
"C:/Users/kylej/Documents/PortfolioSSd/DescentIntoAtlantis/DesentIntoAtlantis/Content/Objects/cullens_wall.ubulk" 695
"C:/Users/kylej/Documents/PortfolioSSd/DescentIntoAtlantis/DesentIntoAtlantis/Content/Objects/cullens_wall.uasset" 696
"C:/Users/kylej/Documents/PortfolioSSd/DescentIntoAtlantis/DesentIntoAtlantis/Content/Objects/cullens_wall.uexp" 697
"C:/Users/kylej/Documents/PortfolioSSd/DescentIntoAtlantis/DesentIntoAtlantis/Content/CodeObjects/wall.uasset" 698
"C:/Users/kylej/Documents/PortfolioSSd/DescentIntoAtlantis/DesentIntoAtlantis/Content/CodeObjects/wall.uexp" 699
"C:/Users/kylej/Documents/PortfolioSSd/DescentIntoAtlantis/DesentIntoAtlantis/Content/CodeObjects/MyFloorNode.uasset" 700
"C:/Users/kylej/Documents/PortfolioSSd/DescentIntoAtlantis/DesentIntoAtlantis/Content/CodeObjects/MyFloorNode.uexp" 701
"C:/Users/kylej/Documents/PortfolioSSd/DescentIntoAtlantis/DesentIntoAtlantis/Content/CodeObjects/MyFloorPlayerController.uasset" 702
"C:/Users/kylej/Documents/PortfolioSSd/DescentIntoAtlantis/DesentIntoAtlantis/Content/CodeObjects/MyFloorPlayerController.uexp" 703
"C:/Users/kylej/Documents/PortfolioSSd/DescentIntoAtlantis/DesentIntoAtlantis/Content/CodeObjects/MyFloorPawn.uasset" 704
"C:/Users/kylej/Documents/PortfolioSSd/DescentIntoAtlantis/DesentIntoAtlantis/Content/CodeObjects/MyFloorPawn.uexp" 705
"C:/Users/kylej/Documents/PortfolioSSd/DescentIntoAtlantis/DesentIntoAtlantis/Content/CodeObjects/MyFloorManager.uasset" 706
"C:/Users/kylej/Documents/PortfolioSSd/DescentIntoAtlantis/DesentIntoAtlantis/Content/CodeObjects/MyFloorManager.uexp" 707
"C:/Users/kylej/Documents/PortfolioSSd/DescentIntoAtlantis/DesentIntoAtlantis/Content/Materials/Material_Enemy.uasset" 708
"C:/Users/kylej/Documents/PortfolioSSd/DescentIntoAtlantis/DesentIntoAtlantis/Content/Materials/Material_Enemy.uexp" 709
"C:/Users/kylej/Documents/PortfolioSSd/DescentIntoAtlantis/DesentIntoAtlantis/Content/CodeObjects/MyFloorEnemyPawn.uasset" 710
"C:/Users/kylej/Documents/PortfolioSSd/DescentIntoAtlantis/DesentIntoAtlantis/Content/CodeObjects/MyFloorEnemyPawn.uexp" 711
"C:/Users/kylej/Documents/PortfolioSSd/DescentIntoAtlantis/DesentIntoAtlantis/Content/Datatables/Atlantis_-_SoulEater.uasset" 712
"C:/Users/kylej/Documents/PortfolioSSd/DescentIntoAtlantis/DesentIntoAtlantis/Content/Datatables/Atlantis_-_SoulEater.uexp" 713
"C:/Users/kylej/Documents/PortfolioSSd/DescentIntoAtlantis/DesentIntoAtlantis/Content/Datatables/Atlantis_-_Skills.uasset" 714
"C:/Users/kylej/Documents/PortfolioSSd/DescentIntoAtlantis/DesentIntoAtlantis/Content/Datatables/Atlantis_-_Skills.uexp" 715
"C:/Users/kylej/Documents/PortfolioSSd/DescentIntoAtlantis/DesentIntoAtlantis/Content/Ui/uiTextures/Characters/HealthboardDesign_Rain.uasset" 716
"C:/Users/kylej/Documents/PortfolioSSd/DescentIntoAtlantis/DesentIntoAtlantis/Content/Ui/uiTextures/Characters/HealthboardDesign_Rain.uexp" 717
"C:/Users/kylej/Documents/PortfolioSSd/DescentIntoAtlantis/DesentIntoAtlantis/Content/Ui/uiTextures/Characters/HealthboardDesign_Kristoff.uasset" 718
"C:/Users/kylej/Documents/PortfolioSSd/DescentIntoAtlantis/DesentIntoAtlantis/Content/Ui/uiTextures/Characters/HealthboardDesign_Kristoff.uexp" 719
"C:/Users/kylej/Documents/PortfolioSSd/DescentIntoAtlantis/DesentIntoAtlantis/Content/Ui/uiTextures/Characters/Commandboard_Portriat_Seres.uasset" 720
"C:/Users/kylej/Documents/PortfolioSSd/DescentIntoAtlantis/DesentIntoAtlantis/Content/Ui/uiTextures/Characters/Commandboard_Portriat_Seres.uexp" 721
"C:/Users/kylej/Documents/PortfolioSSd/DescentIntoAtlantis/DesentIntoAtlantis/Content/Ui/uiTextures/Characters/HealthboardDesign_Seres.uasset" 722
"C:/Users/kylej/Documents/PortfolioSSd/DescentIntoAtlantis/DesentIntoAtlantis/Content/Ui/uiTextures/Characters/HealthboardDesign_Seres.uexp" 723
"C:/Users/kylej/Documents/PortfolioSSd/DescentIntoAtlantis/DesentIntoAtlantis/Content/Ui/uiTextures/Characters/Commandboard_Portriat_Kristoff.uasset" 724
"C:/Users/kylej/Documents/PortfolioSSd/DescentIntoAtlantis/DesentIntoAtlantis/Content/Ui/uiTextures/Characters/Commandboard_Portriat_Kristoff.uexp" 725
"C:/Users/kylej/Documents/PortfolioSSd/DescentIntoAtlantis/DesentIntoAtlantis/Content/Ui/uiTextures/Characters/Commandboard_Portriat_Ardus.uasset" 726
"C:/Users/kylej/Documents/PortfolioSSd/DescentIntoAtlantis/DesentIntoAtlantis/Content/Ui/uiTextures/Characters/Commandboard_Portriat_Ardus.uexp" 727
"C:/Users/kylej/Documents/PortfolioSSd/DescentIntoAtlantis/DesentIntoAtlantis/Content/Ui/uiTextures/Characters/HealthboardDesign_Ardus.uasset" 728
"C:/Users/kylej/Documents/PortfolioSSd/DescentIntoAtlantis/DesentIntoAtlantis/Content/Ui/uiTextures/Characters/HealthboardDesign_Ardus.uexp" 729
"C:/Users/kylej/Documents/PortfolioSSd/DescentIntoAtlantis/DesentIntoAtlantis/Content/Ui/uiTextures/Characters/Commandboard_Portriat_Rain.uasset" 730
"C:/Users/kylej/Documents/PortfolioSSd/DescentIntoAtlantis/DesentIntoAtlantis/Content/Ui/uiTextures/Characters/Commandboard_Portriat_Rain.uexp" 731
"C:/Users/kylej/Documents/PortfolioSSd/DescentIntoAtlantis/DesentIntoAtlantis/Content/Datatables/Atlantis_-_PlayerCharacters.uasset" 732
"C:/Users/kylej/Documents/PortfolioSSd/DescentIntoAtlantis/DesentIntoAtlantis/Content/Datatables/Atlantis_-_PlayerCharacters.uexp" 733
"C:/Users/kylej/Documents/PortfolioSSd/DescentIntoAtlantis/DesentIntoAtlantis/Content/Ui/uiTextures/EnemyTextures/Sharkfiend2.uasset" 734
"C:/Users/kylej/Documents/PortfolioSSd/DescentIntoAtlantis/DesentIntoAtlantis/Content/Ui/uiTextures/EnemyTextures/Sharkfiend2.uexp" 735
"C:/Users/kylej/Documents/PortfolioSSd/DescentIntoAtlantis/DesentIntoAtlantis/Content/Ui/uiTextures/EnemyTextures/Enemy_Gold_Lancer.uasset" 736
"C:/Users/kylej/Documents/PortfolioSSd/DescentIntoAtlantis/DesentIntoAtlantis/Content/Ui/uiTextures/EnemyTextures/Enemy_Gold_Lancer.uexp" 737
"C:/Users/kylej/Documents/PortfolioSSd/DescentIntoAtlantis/DesentIntoAtlantis/Content/Ui/uiTextures/EnemyTextures/Undines.uasset" 738
"C:/Users/kylej/Documents/PortfolioSSd/DescentIntoAtlantis/DesentIntoAtlantis/Content/Ui/uiTextures/EnemyTextures/Undines.uexp" 739
"C:/Users/kylej/Documents/PortfolioSSd/DescentIntoAtlantis/DesentIntoAtlantis/Content/Ui/uiTextures/EnemyTextures/Enemy_AnimatedWeapon.uasset" 740
"C:/Users/kylej/Documents/PortfolioSSd/DescentIntoAtlantis/DesentIntoAtlantis/Content/Ui/uiTextures/EnemyTextures/Enemy_AnimatedWeapon.uexp" 741
"C:/Users/kylej/Documents/PortfolioSSd/DescentIntoAtlantis/DesentIntoAtlantis/Content/Datatables/Atlantis_-_Enemys.uasset" 742
"C:/Users/kylej/Documents/PortfolioSSd/DescentIntoAtlantis/DesentIntoAtlantis/Content/Datatables/Atlantis_-_Enemys.uexp" 743
"C:/Users/kylej/Documents/PortfolioSSd/DescentIntoAtlantis/DesentIntoAtlantis/Content/Datatables/Atlantis_-_EnemyGroup.uasset" 744
"C:/Users/kylej/Documents/PortfolioSSd/DescentIntoAtlantis/DesentIntoAtlantis/Content/Datatables/Atlantis_-_EnemyGroup.uexp" 745
"C:/Users/kylej/Documents/PortfolioSSd/DescentIntoAtlantis/DesentIntoAtlantis/Content/Datatables/Atlantis_-_DarkKnight.uasset" 746
"C:/Users/kylej/Documents/PortfolioSSd/DescentIntoAtlantis/DesentIntoAtlantis/Content/Datatables/Atlantis_-_DarkKnight.uexp" 747
"C:/Users/kylej/Documents/PortfolioSSd/DescentIntoAtlantis/DesentIntoAtlantis/Content/Datatables/Icons/ice_element2.ubulk" 748
"C:/Users/kylej/Documents/PortfolioSSd/DescentIntoAtlantis/DesentIntoAtlantis/Content/Datatables/Icons/ice_element2.uasset" 749
"C:/Users/kylej/Documents/PortfolioSSd/DescentIntoAtlantis/DesentIntoAtlantis/Content/Datatables/Icons/ice_element2.uexp" 750
"C:/Users/kylej/Documents/PortfolioSSd/DescentIntoAtlantis/DesentIntoAtlantis/Content/Datatables/Icons/circle.uasset" 751
"C:/Users/kylej/Documents/PortfolioSSd/DescentIntoAtlantis/DesentIntoAtlantis/Content/Datatables/Icons/circle.uexp" 752
"C:/Users/kylej/Documents/PortfolioSSd/DescentIntoAtlantis/DesentIntoAtlantis/Content/GameMode/BP_GameMode.uasset" 753
"C:/Users/kylej/Documents/PortfolioSSd/DescentIntoAtlantis/DesentIntoAtlantis/Content/GameMode/BP_GameMode.uexp" 754
"C:/Users/kylej/Documents/PortfolioSSd/DescentIntoAtlantis/DesentIntoAtlantis/Content/Materials/Turn_Face_Enemy.uasset" 755
"C:/Users/kylej/Documents/PortfolioSSd/DescentIntoAtlantis/DesentIntoAtlantis/Content/Materials/Turn_Face_Enemy.uexp" 756
"C:/Users/kylej/Documents/PortfolioSSd/DescentIntoAtlantis/DesentIntoAtlantis/Content/Materials/Down.uasset" 757
"C:/Users/kylej/Documents/PortfolioSSd/DescentIntoAtlantis/DesentIntoAtlantis/Content/Materials/Down.uexp" 758
"C:/Users/kylej/Documents/PortfolioSSd/DescentIntoAtlantis/DesentIntoAtlantis/Content/Materials/Tile.uasset" 759
"C:/Users/kylej/Documents/PortfolioSSd/DescentIntoAtlantis/DesentIntoAtlantis/Content/Materials/Tile.uexp" 760
"C:/Users/kylej/Documents/PortfolioSSd/DescentIntoAtlantis/DesentIntoAtlantis/Content/Materials/Day219_Mat.uasset" 761
"C:/Users/kylej/Documents/PortfolioSSd/DescentIntoAtlantis/DesentIntoAtlantis/Content/Materials/Day219_Mat.uexp" 762
"C:/Users/kylej/Documents/PortfolioSSd/DescentIntoAtlantis/DesentIntoAtlantis/Content/Objects/Dead_End_EMat.uasset" 763
"C:/Users/kylej/Documents/PortfolioSSd/DescentIntoAtlantis/DesentIntoAtlantis/Content/Objects/Dead_End_EMat.uexp" 764
"C:/Users/kylej/Documents/PortfolioSSd/DescentIntoAtlantis/DesentIntoAtlantis/Content/Objects/model_DeadEndE.ubulk" 765
"C:/Users/kylej/Documents/PortfolioSSd/DescentIntoAtlantis/DesentIntoAtlantis/Content/Objects/model_DeadEndE.uasset" 766
"C:/Users/kylej/Documents/PortfolioSSd/DescentIntoAtlantis/DesentIntoAtlantis/Content/Objects/model_DeadEndE.uexp" 767
"C:/Users/kylej/Documents/PortfolioSSd/DescentIntoAtlantis/DesentIntoAtlantis/Content/Objects/cullens_wall_2_door_r.ubulk" 768
"C:/Users/kylej/Documents/PortfolioSSd/DescentIntoAtlantis/DesentIntoAtlantis/Content/Objects/cullens_wall_2_door_r.uasset" 769
"C:/Users/kylej/Documents/PortfolioSSd/DescentIntoAtlantis/DesentIntoAtlantis/Content/Objects/cullens_wall_2_door_r.uexp" 770
"C:/Users/kylej/Documents/PortfolioSSd/DescentIntoAtlantis/DesentIntoAtlantis/Content/Objects/cullens_wall_2_door_l.ubulk" 771
"C:/Users/kylej/Documents/PortfolioSSd/DescentIntoAtlantis/DesentIntoAtlantis/Content/Objects/cullens_wall_2_door_l.uasset" 772
"C:/Users/kylej/Documents/PortfolioSSd/DescentIntoAtlantis/DesentIntoAtlantis/Content/Objects/cullens_wall_2_door_l.uexp" 773
"C:/Users/kylej/Documents/PortfolioSSd/DescentIntoAtlantis/DesentIntoAtlantis/Content/Objects/cullens_wall_2_Box001.ubulk" 774
"C:/Users/kylej/Documents/PortfolioSSd/DescentIntoAtlantis/DesentIntoAtlantis/Content/Objects/cullens_wall_2_Box001.uasset" 775
"C:/Users/kylej/Documents/PortfolioSSd/DescentIntoAtlantis/DesentIntoAtlantis/Content/Objects/cullens_wall_2_Box001.uexp" 776
"C:/Users/kylej/Documents/PortfolioSSd/DescentIntoAtlantis/DesentIntoAtlantis/Content/Ui/BP_DialogueView.uasset" 777
"C:/Users/kylej/Documents/PortfolioSSd/DescentIntoAtlantis/DesentIntoAtlantis/Content/Ui/BP_DialogueView.uexp" 778
"C:/Users/kylej/Documents/PortfolioSSd/DescentIntoAtlantis/DesentIntoAtlantis/Content/Ui/uiTextures/BatteIndicators/STRONG_Indicator.uasset" 779
"C:/Users/kylej/Documents/PortfolioSSd/DescentIntoAtlantis/DesentIntoAtlantis/Content/Ui/uiTextures/BatteIndicators/STRONG_Indicator.uexp" 780
"C:/Users/kylej/Documents/PortfolioSSd/DescentIntoAtlantis/DesentIntoAtlantis/Content/Ui/uiTextures/BatteIndicators/SPEED_UP_Indicator.uasset" 781
"C:/Users/kylej/Documents/PortfolioSSd/DescentIntoAtlantis/DesentIntoAtlantis/Content/Ui/uiTextures/BatteIndicators/SPEED_UP_Indicator.uexp" 782
"C:/Users/kylej/Documents/PortfolioSSd/DescentIntoAtlantis/DesentIntoAtlantis/Content/Ui/uiTextures/BatteIndicators/MISS_Indicator.uasset" 783
"C:/Users/kylej/Documents/PortfolioSSd/DescentIntoAtlantis/DesentIntoAtlantis/Content/Ui/uiTextures/BatteIndicators/MISS_Indicator.uexp" 784
"C:/Users/kylej/Documents/PortfolioSSd/DescentIntoAtlantis/DesentIntoAtlantis/Content/Ui/uiTextures/BatteIndicators/DEFENSE_UP_Indicator.uasset" 785
"C:/Users/kylej/Documents/PortfolioSSd/DescentIntoAtlantis/DesentIntoAtlantis/Content/Ui/uiTextures/BatteIndicators/DEFENSE_UP_Indicator.uexp" 786
"C:/Users/kylej/Documents/PortfolioSSd/DescentIntoAtlantis/DesentIntoAtlantis/Content/Ui/uiTextures/BatteIndicators/ATTACK_UP_Indicator.uasset" 787
"C:/Users/kylej/Documents/PortfolioSSd/DescentIntoAtlantis/DesentIntoAtlantis/Content/Ui/uiTextures/BatteIndicators/ATTACK_UP_Indicator.uexp" 788
"C:/Users/kylej/Documents/PortfolioSSd/DescentIntoAtlantis/DesentIntoAtlantis/Content/Ui/uiTextures/BatteIndicators/ATTACK_DOWN_INDICATOR.uasset" 789
"C:/Users/kylej/Documents/PortfolioSSd/DescentIntoAtlantis/DesentIntoAtlantis/Content/Ui/uiTextures/BatteIndicators/ATTACK_DOWN_INDICATOR.uexp" 790
"C:/Users/kylej/Documents/PortfolioSSd/DescentIntoAtlantis/DesentIntoAtlantis/Content/Ui/uiTextures/Characters/HealtboardDesign_Kain.uasset" 791
"C:/Users/kylej/Documents/PortfolioSSd/DescentIntoAtlantis/DesentIntoAtlantis/Content/Ui/uiTextures/Characters/HealtboardDesign_Kain.uexp" 792
"C:/Users/kylej/Documents/PortfolioSSd/DescentIntoAtlantis/DesentIntoAtlantis/Content/Ui/uiTextures/Characters/Commandboard_Portriat_Kain.uasset" 793
"C:/Users/kylej/Documents/PortfolioSSd/DescentIntoAtlantis/DesentIntoAtlantis/Content/Ui/uiTextures/Characters/Commandboard_Portriat_Kain.uexp" 794
"C:/Users/kylej/Documents/PortfolioSSd/DescentIntoAtlantis/DesentIntoAtlantis/Content/Ui/uiTextures/EnemyTextures/Undines2.uasset" 795
"C:/Users/kylej/Documents/PortfolioSSd/DescentIntoAtlantis/DesentIntoAtlantis/Content/Ui/uiTextures/EnemyTextures/Undines2.uexp" 796
"C:/Users/kylej/Documents/PortfolioSSd/DescentIntoAtlantis/DesentIntoAtlantis/Content/Ui/uiTextures/EnemyTextures/Day267.uasset" 797
"C:/Users/kylej/Documents/PortfolioSSd/DescentIntoAtlantis/DesentIntoAtlantis/Content/Ui/uiTextures/EnemyTextures/Day267.uexp" 798
"C:/Users/kylej/Documents/PortfolioSSd/DescentIntoAtlantis/DesentIntoAtlantis/Content/Ui/uiTextures/EnemyTextures/Day225.uasset" 799
"C:/Users/kylej/Documents/PortfolioSSd/DescentIntoAtlantis/DesentIntoAtlantis/Content/Ui/uiTextures/EnemyTextures/Day225.uexp" 800
"C:/Users/kylej/Documents/PortfolioSSd/DescentIntoAtlantis/DesentIntoAtlantis/Content/Ui/uiTextures/HealthBoard/PeteHealthboard.uasset" 801
"C:/Users/kylej/Documents/PortfolioSSd/DescentIntoAtlantis/DesentIntoAtlantis/Content/Ui/uiTextures/HealthBoard/PeteHealthboard.uexp" 802
"C:/Users/kylej/Documents/PortfolioSSd/DescentIntoAtlantis/DesentIntoAtlantis/Content/Ui/uiTextures/HealthBoard/Illustration.uasset" 803
"C:/Users/kylej/Documents/PortfolioSSd/DescentIntoAtlantis/DesentIntoAtlantis/Content/Ui/uiTextures/HealthBoard/Illustration.uexp" 804
"C:/Users/kylej/Documents/PortfolioSSd/DescentIntoAtlantis/DesentIntoAtlantis/Content/Ui/uiTextures/HealthBoard/HealtboardDesign-Background.uasset" 805
"C:/Users/kylej/Documents/PortfolioSSd/DescentIntoAtlantis/DesentIntoAtlantis/Content/Ui/uiTextures/HealthBoard/HealtboardDesign-Background.uexp" 806
"C:/Users/kylej/Documents/PortfolioSSd/DescentIntoAtlantis/DesentIntoAtlantis/Content/Ui/uiTextures/HealthBoard/FioreHealthboard.uasset" 807
"C:/Users/kylej/Documents/PortfolioSSd/DescentIntoAtlantis/DesentIntoAtlantis/Content/Ui/uiTextures/HealthBoard/FioreHealthboard.uexp" 808
"C:/Users/kylej/Documents/PortfolioSSd/DescentIntoAtlantis/DesentIntoAtlantis/Content/Ui/uiTextures/HealthBoard/CaviaHealthboard.uasset" 809
"C:/Users/kylej/Documents/PortfolioSSd/DescentIntoAtlantis/DesentIntoAtlantis/Content/Ui/uiTextures/HealthBoard/CaviaHealthboard.uexp" 810
"C:/Users/kylej/Documents/PortfolioSSd/DescentIntoAtlantis/DesentIntoAtlantis/Content/Ui/uiTextures/Misc/Turn_Face_Enemy.uasset" 811
"C:/Users/kylej/Documents/PortfolioSSd/DescentIntoAtlantis/DesentIntoAtlantis/Content/Ui/uiTextures/Misc/Turn_Face_Enemy.uexp" 812
"C:/Users/kylej/Documents/PortfolioSSd/DescentIntoAtlantis/DesentIntoAtlantis/Content/Ui/uiTextures/Misc/Texture_Baragor.uasset" 813
"C:/Users/kylej/Documents/PortfolioSSd/DescentIntoAtlantis/DesentIntoAtlantis/Content/Ui/uiTextures/Misc/Texture_Baragor.uexp" 814
"C:/Users/kylej/Documents/PortfolioSSd/DescentIntoAtlantis/DesentIntoAtlantis/Content/Ui/uiTextures/Misc/Resolution_test.uasset" 815
"C:/Users/kylej/Documents/PortfolioSSd/DescentIntoAtlantis/DesentIntoAtlantis/Content/Ui/uiTextures/Misc/Resolution_test.uexp" 816
"C:/Users/kylej/Documents/PortfolioSSd/DescentIntoAtlantis/DesentIntoAtlantis/Content/Ui/uiTextures/Misc/KristoffHealthboard.uasset" 817
"C:/Users/kylej/Documents/PortfolioSSd/DescentIntoAtlantis/DesentIntoAtlantis/Content/Ui/uiTextures/Misc/KristoffHealthboard.uexp" 818
"C:/Users/kylej/Documents/PortfolioSSd/DescentIntoAtlantis/DesentIntoAtlantis/Content/Ui/uiTextures/Misc/Illustration3.uasset" 819
"C:/Users/kylej/Documents/PortfolioSSd/DescentIntoAtlantis/DesentIntoAtlantis/Content/Ui/uiTextures/Misc/Illustration3.uexp" 820
"C:/Users/kylej/Documents/PortfolioSSd/DescentIntoAtlantis/DesentIntoAtlantis/Content/Ui/uiTextures/Misc/HealthbarBackground.uasset" 821
"C:/Users/kylej/Documents/PortfolioSSd/DescentIntoAtlantis/DesentIntoAtlantis/Content/Ui/uiTextures/Misc/HealthbarBackground.uexp" 822
"C:/Users/kylej/Documents/PortfolioSSd/DescentIntoAtlantis/DesentIntoAtlantis/Content/Ui/uiTextures/Misc/Day360.uasset" 823
"C:/Users/kylej/Documents/PortfolioSSd/DescentIntoAtlantis/DesentIntoAtlantis/Content/Ui/uiTextures/Misc/Day360.uexp" 824
"C:/Users/kylej/Documents/PortfolioSSd/DescentIntoAtlantis/DesentIntoAtlantis/Content/Ui/uiTextures/Misc/Day203.uasset" 825
"C:/Users/kylej/Documents/PortfolioSSd/DescentIntoAtlantis/DesentIntoAtlantis/Content/Ui/uiTextures/Misc/Day203.uexp" 826
"C:/Users/kylej/Documents/PortfolioSSd/DescentIntoAtlantis/DesentIntoAtlantis/Content/Ui/uiTextures/Misc/Commandboard.uasset" 827
"C:/Users/kylej/Documents/PortfolioSSd/DescentIntoAtlantis/DesentIntoAtlantis/Content/Ui/uiTextures/Misc/Commandboard.uexp" 828
"../../../Engine/Content/Maps/Entry_BuiltData.uasset" 829
"../../../Engine/Content/Maps/Entry_BuiltData.uexp" 830
"../../../Engine/Content/Maps/Entry.uexp" 831
"../../../Engine/Content/Maps/Entry.umap" 832
"C:/Users/kylej/Documents/PortfolioSSd/DescentIntoAtlantis/DesentIntoAtlantis/Content/Map/Floor1.uexp" 833
"C:/Users/kylej/Documents/PortfolioSSd/DescentIntoAtlantis/DesentIntoAtlantis/Content/Map/Floor1.umap" 834
"C:/Users/kylej/Documents/PortfolioSSd/DescentIntoAtlantis/DesentIntoAtlantis/Content/Map/Floor1/_Generated_/Floor1_MainGrid_L0_X0_Y0_DL0.uexp" 835
"C:/Users/kylej/Documents/PortfolioSSd/DescentIntoAtlantis/DesentIntoAtlantis/Content/Map/Floor1/_Generated_/Floor1_MainGrid_L0_X0_Y0_DL0.umap" 836
